202205-26 11:23:24 info: Started application in development mode
202205-26 11:23:25 info: GET /publicUsers 12.736 ms - 2

202205-26 11:23:25 info: GET /publicUsers/unknown 4.995 ms - 23

202205-26 11:23:25 info: DELETE /publicUsers/admin 3.420 ms - -

202205-26 11:23:25 info: GET /publicUsers/admin 2.231 ms - 23

202205-26 11:23:25 info: DELETE /publicUsers/admin 1.965 ms - 23

202205-26 11:23:25 info: POST /publicUsers 84.040 ms - 173

202205-26 11:23:25 info: GET /publicUsers/admin 4.208 ms - 173

202205-26 11:23:25 info: POST /publicUsers 99.826 ms - 191

202205-26 11:23:25 info: POST /publicUsers 2.751 ms - 57

202205-26 11:23:25 info: GET /publicUsers 3.319 ms - 367

202205-26 11:23:25 debug: no password given, no worries
202205-26 11:23:25 info: PUT /publicUsers/manfred 4.334 ms - -

202205-26 11:23:25 info: GET /publicUsers/manfred 2.899 ms - 179

202205-26 11:23:25 info: true
202205-26 11:23:25 info: PUT /publicUsers/manfred 85.141 ms - -

202205-26 11:23:25 info: false
202205-26 11:23:25 debug: this is the password: 12345
202205-26 11:23:25 debug: this is a new password
202205-26 11:23:25 info: true
202205-26 11:23:25 info: POST /publicUsers 3.466 ms - 21

202205-26 11:23:25 info: DELETE /publicUsers/admin 2.200 ms - -

202205-26 11:23:25 info: DELETE /publicUsers/manfred 1.856 ms - -

202205-26 11:23:25 info: GET /publicUsers/ 1.443 ms - 2

202205-26 11:23:25 info: Shutting down application
202205-26 12:33:07 info: Started application in development mode
202205-26 12:33:08 info: GET /publicUsers 20.963 ms - 2

202205-26 12:33:08 info: GET /publicUsers/unknown 3.154 ms - 23

202205-26 12:33:08 info: DELETE /publicUsers/admin 2.963 ms - -

202205-26 12:33:08 info: GET /publicUsers/admin 2.448 ms - 23

202205-26 12:33:08 info: DELETE /publicUsers/admin 2.171 ms - 23

202205-26 12:33:08 info: POST /publicUsers 84.064 ms - 173

202205-26 12:33:08 info: GET /publicUsers/admin 3.973 ms - 173

202205-26 12:33:08 info: POST /publicUsers 86.943 ms - 191

202205-26 12:33:08 info: POST /publicUsers 2.591 ms - 57

202205-26 12:33:08 info: GET /publicUsers 2.940 ms - 367

202205-26 12:33:08 debug: no password given, no worries
202205-26 12:33:08 info: PUT /publicUsers/manfred 3.841 ms - -

202205-26 12:33:08 info: GET /publicUsers/manfred 2.501 ms - 179

202205-26 12:33:08 info: true
202205-26 12:33:08 info: PUT /publicUsers/manfred 86.548 ms - -

202205-26 12:33:08 info: false
202205-26 12:33:08 debug: this is the password: 12345
202205-26 12:33:08 debug: this is a new password
202205-26 12:33:08 info: GET /publicUsers/manfred 1.987 ms - 179

202205-26 12:33:08 info: false
202205-26 12:33:08 info: POST /publicUsers 3.248 ms - 21

202205-26 12:33:08 info: DELETE /publicUsers/admin 1.736 ms - -

202205-26 12:33:08 info: DELETE /publicUsers/manfred 1.866 ms - -

202205-26 12:33:09 info: GET /publicUsers/ 1.997 ms - 2

202205-26 12:33:09 info: Shutting down application
202205-26 12:33:36 info: Started application in development mode
202205-26 12:33:36 info: GET /publicUsers 12.922 ms - 2

202205-26 12:33:36 info: GET /publicUsers/unknown 2.946 ms - 23

202205-26 12:33:36 info: DELETE /publicUsers/admin 2.838 ms - -

202205-26 12:33:36 info: GET /publicUsers/admin 2.177 ms - 23

202205-26 12:33:36 info: DELETE /publicUsers/admin 1.857 ms - 23

202205-26 12:33:36 info: POST /publicUsers 83.271 ms - 173

202205-26 12:33:36 info: GET /publicUsers/admin 4.095 ms - 173

202205-26 12:33:36 info: POST /publicUsers 84.831 ms - 191

202205-26 12:33:36 info: POST /publicUsers 2.545 ms - 57

202205-26 12:33:36 info: GET /publicUsers 2.918 ms - 367

202205-26 12:33:36 debug: no password given, no worries
202205-26 12:33:36 info: PUT /publicUsers/manfred 3.790 ms - -

202205-26 12:33:36 info: GET /publicUsers/manfred 2.562 ms - 179

202205-26 12:33:37 info: true
202205-26 12:33:37 info: PUT /publicUsers/manfred 83.934 ms - -

202205-26 12:33:37 info: false
202205-26 12:33:37 debug: this is the password: 12345
202205-26 12:33:37 debug: this is a new password
202205-26 12:33:37 info: GET /publicUsers/manfred 1.952 ms - 179

202205-26 12:33:37 info: false
202205-26 12:33:37 info: POST /publicUsers 3.144 ms - 21

202205-26 12:33:37 info: DELETE /publicUsers/admin 1.640 ms - -

202205-26 12:33:37 info: DELETE /publicUsers/manfred 1.576 ms - -

202205-26 12:33:37 info: GET /publicUsers/ 1.983 ms - 2

202205-26 12:33:37 info: Shutting down application
202205-26 12:34:12 info: Started application in development mode
202205-26 12:34:12 info: GET /publicUsers 11.804 ms - 2

202205-26 12:34:12 info: GET /publicUsers/unknown 3.192 ms - 23

202205-26 12:34:12 info: DELETE /publicUsers/admin 3.151 ms - -

202205-26 12:34:12 info: GET /publicUsers/admin 2.545 ms - 23

202205-26 12:34:12 info: DELETE /publicUsers/admin 1.952 ms - 23

202205-26 12:34:12 info: POST /publicUsers 85.151 ms - 173

202205-26 12:34:12 info: GET /publicUsers/admin 3.881 ms - 173

202205-26 12:34:12 info: POST /publicUsers 81.317 ms - 191

202205-26 12:34:12 info: POST /publicUsers 2.703 ms - 57

202205-26 12:34:12 info: GET /publicUsers 3.404 ms - 367

202205-26 12:34:12 debug: no password given, no worries
202205-26 12:34:12 info: PUT /publicUsers/manfred 3.646 ms - -

202205-26 12:34:12 info: GET /publicUsers/manfred 2.804 ms - 179

202205-26 12:34:12 info: true
202205-26 12:34:13 info: PUT /publicUsers/manfred 83.211 ms - -

202205-26 12:34:13 info: false
202205-26 12:34:13 debug: this is the password: 12345
202205-26 12:34:13 debug: this is a new password
202205-26 12:34:13 info: GET /publicUsers/manfred 2.404 ms - 179

202205-26 12:34:13 info: false
202205-26 12:34:13 info: POST /publicUsers 3.109 ms - 21

202205-26 12:34:13 info: DELETE /publicUsers/admin 1.707 ms - -

202205-26 12:34:13 info: DELETE /publicUsers/manfred 1.785 ms - -

202205-26 12:34:13 info: GET /publicUsers/ 1.900 ms - 2

202205-26 12:34:13 info: Shutting down application
202205-26 12:38:10 info: Started application in development mode
202205-26 12:38:10 info: GET /users 2.827 ms - 26

202205-26 12:38:11 info: GET /authenticate 112.120 ms - 89

202205-26 12:38:11 info: true
202205-26 12:38:11 info: GET /authenticate 84.721 ms - 43

202205-26 12:38:11 info: GET /users/ 4.717 ms - 62

202205-26 12:38:11 info: GET /users/unknown 3.257 ms - 23

202205-26 12:38:11 info: GET /users/admin 2.881 ms - 60

202205-26 12:38:11 info: DELETE /users/admin 4.027 ms - -

202205-26 12:38:11 info: GET /users/admin 2.897 ms - 23

202205-26 12:38:11 info: DELETE /users/admin 2.518 ms - 23

202205-26 12:38:11 info: POST /users 84.842 ms - 173

202205-26 12:38:11 info: GET /users/admin 2.756 ms - 58

202205-26 12:38:11 info: POST /users 83.243 ms - 191

202205-26 12:38:11 info: POST /users 0.450 ms - 26

202205-26 12:38:11 info: true
202205-26 12:38:11 info: GET /authenticate 83.419 ms - 43

202205-26 12:38:11 info: GET /users 0.417 ms - 36

202205-26 12:38:11 info: GET /users/manfred 3.069 ms - 76

202205-26 12:38:11 info: PUT /users/manfred 86.517 ms - -

202205-26 12:38:11 info: false
202205-26 12:38:11 debug: this is the password: 12345
202205-26 12:38:11 debug: this is a new password
202205-26 12:38:11 info: GET /users/manfred 2.690 ms - 64

202205-26 12:38:11 info: POST /users 3.724 ms - 21

202205-26 12:38:11 info: DELETE /users/admin 1.983 ms - -

202205-26 12:38:11 info: DELETE /users/manfred 1.752 ms - -

202205-26 12:38:11 info: GET /users/ 2.137 ms - 2

202205-26 12:38:11 info: Shutting down application
202205-26 13:04:52 info: Started application in development mode
202205-26 13:04:52 info: GET /users 2.840 ms - 26

202205-26 13:04:52 info: GET /authenticate 111.370 ms - 89

202205-26 13:04:52 info: true
202205-26 13:04:52 info: GET /authenticate 89.422 ms - 43

202205-26 13:04:52 info: GET /forumThreads/ 3.073 ms - 2

202205-26 13:04:52 info: GET /forumThreads/unknown 2.825 ms - 31

202205-26 13:04:52 info: Shutting down application
202205-26 13:32:36 info: Started application in development mode
202205-26 13:32:36 info: GET /users 2.805 ms - 26

202205-26 13:32:36 info: false
202205-26 13:32:36 info: GET /authenticate 106.579 ms - 89

202205-26 13:32:36 info: true
202205-26 13:32:36 info: GET /authenticate 89.295 ms - 43

202205-26 13:32:36 info: GET /forumThreads/ 3.177 ms - 2

202205-26 13:32:37 info: GET /forumThreads/unknown 3.043 ms - 31

202205-26 13:32:37 info: POST /forumThreads 12.446 ms - 111

202205-26 13:32:37 info: Shutting down application
202205-26 14:25:47 info: Started application in development mode
202205-26 14:25:47 info: GET /users 2.726 ms - 26

202205-26 14:25:47 info: false
202205-26 14:25:47 info: GET /authenticate 107.865 ms - 89

202205-26 14:25:47 info: true
202205-26 14:25:47 info: GET /authenticate 83.352 ms - 43

202205-26 14:25:47 info: GET /forumThreads/ 6.432 ms - 113

202205-26 14:25:47 info: GET /forumThreads/unknown 4.674 ms - 31

202205-26 14:25:47 info: POST /forumThreads 14.097 ms - 111

202205-26 14:25:47 info: GET /forumThreads 2.821 ms - 225

202205-26 14:25:47 info: GET /forumThreads/undefined 0.925 ms - 31

202205-26 14:25:47 info: Shutting down application
202205-26 14:26:36 info: Started application in development mode
202205-26 14:26:37 info: GET /users 2.837 ms - 26

202205-26 14:26:37 info: false
202205-26 14:26:37 info: GET /authenticate 109.331 ms - 89

202205-26 14:26:37 info: true
202205-26 14:26:37 info: GET /authenticate 83.550 ms - 43

202205-26 14:26:37 info: GET /forumThreads/ 4.895 ms - 225

202205-26 14:26:37 info: GET /forumThreads/unknown 3.327 ms - 31

202205-26 14:26:37 info: POST /forumThreads 12.696 ms - 111

202205-26 14:26:37 info: GET /forumThreads 3.082 ms - 337

202205-26 14:26:37 info: GET /forumThreads/undefined 1.112 ms - 31

202205-26 14:26:37 info: Shutting down application
202205-26 14:27:03 info: Started application in development mode
202205-26 14:27:04 info: GET /users 2.958 ms - 26

202205-26 14:27:04 info: false
202205-26 14:27:04 info: GET /authenticate 106.448 ms - 89

202205-26 14:27:04 info: true
202205-26 14:27:04 info: GET /authenticate 83.581 ms - 43

202205-26 14:27:04 info: GET /forumThreads/ 5.379 ms - 337

202205-26 14:27:04 info: GET /forumThreads/unknown 3.286 ms - 31

202205-26 14:27:04 info: POST /forumThreads 12.358 ms - 111

202205-26 14:27:04 info: GET /forumThreads 3.043 ms - 449

202205-26 14:27:04 info: GET /forumThreads/628f65553cec4f10437296c2 3.217 ms - 111

202205-26 14:27:04 info: Shutting down application
202205-26 14:27:34 info: Started application in development mode
202205-26 14:27:34 info: GET /users 2.890 ms - 26

202205-26 14:27:34 info: false
202205-26 14:27:34 info: GET /authenticate 112.116 ms - 89

202205-26 14:27:35 info: true
202205-26 14:27:35 info: GET /authenticate 88.760 ms - 43

202205-26 14:27:35 info: GET /forumThreads/ 5.040 ms - 449

202205-26 14:27:35 info: GET /forumThreads/unknown 3.247 ms - 31

202205-26 14:27:35 info: POST /forumThreads 12.444 ms - 111

202205-26 14:27:35 info: GET /forumThreads 3.209 ms - 561

202205-26 14:27:35 info: GET /forumThreads/628f65553cec4f10437296c2 3.415 ms - 111

202205-26 14:27:35 info: Shutting down application
202205-26 21:51:34 info: Started application in development mode
202205-26 21:51:35 info: GET /users 2.874 ms - 26

202205-26 21:51:35 info: false
202205-26 21:51:35 info: GET /authenticate 109.983 ms - 89

202205-26 21:51:35 info: true
202205-26 21:51:35 info: GET /authenticate 90.791 ms - 43

202205-26 21:51:35 info: GET /forumThreads/ 5.088 ms - 561

202205-26 21:51:35 info: GET /forumThreads/unknown 3.060 ms - 31

202205-26 21:51:35 info: POST /forumThreads 12.454 ms - 111

202205-26 21:51:35 info: POST /forumThreads 3.695 ms - 111

202205-26 21:51:35 info: POST /forumThreads 3.390 ms - 111

202205-26 21:51:35 info: GET /forumThreads 3.880 ms - 897

202205-26 21:51:35 info: GET /forumThreads/undefined 1.219 ms - 31

202205-26 21:51:35 info: GET /forumThreads/undefined 0.991 ms - 31

202205-26 21:51:35 info: Shutting down application
202205-26 21:52:05 info: Started application in development mode
202205-26 21:52:05 info: GET /users 3.381 ms - 26

202205-26 21:52:05 info: GET /authenticate 122.249 ms - 89

202205-26 21:52:05 info: true
202205-26 21:52:05 info: GET /authenticate 90.221 ms - 43

202205-26 21:52:05 info: GET /forumThreads/ 2.833 ms - 2

202205-26 21:52:05 info: GET /forumThreads/unknown 2.715 ms - 31

202205-26 21:52:05 info: POST /forumThreads 5.423 ms - 111

202205-26 21:52:05 info: POST /forumThreads 3.515 ms - 111

202205-26 21:52:05 info: POST /forumThreads 3.357 ms - 111

202205-26 21:52:05 info: GET /forumThreads 3.107 ms - 337

202205-26 21:52:05 info: GET /forumThreads/628fda658222892d585c98d2 3.284 ms - 111

202205-26 21:52:05 info: GET /forumThreads/628fda658222892d585c98d6 3.182 ms - 111

202205-26 21:52:05 info: Shutting down application
202205-26 21:52:58 info: Started application in development mode
202205-26 21:52:58 info: GET /users 3.091 ms - 26

202205-26 21:52:58 info: false
202205-26 21:52:58 info: GET /authenticate 109.690 ms - 89

202205-26 21:52:59 info: true
202205-26 21:52:59 info: GET /authenticate 83.127 ms - 43

202205-26 21:52:59 info: GET /forumThreads/ 4.828 ms - 337

202205-26 21:52:59 info: GET /forumThreads/unknown 3.067 ms - 31

202205-26 21:52:59 info: POST /forumThreads 11.939 ms - 111

202205-26 21:52:59 info: POST /forumThreads 3.539 ms - 111

202205-26 21:52:59 info: POST /forumThreads 3.543 ms - 111

202205-26 21:52:59 info: GET /forumThreads 4.215 ms - 673

202205-26 21:52:59 info: GET /forumThreads/undefined 1.149 ms - 31

202205-26 21:52:59 info: GET /forumThreads/undefined 1.122 ms - 31

202205-26 21:52:59 info: Shutting down application
202205-26 21:54:00 info: Started application in development mode
202205-26 21:54:00 info: GET /users 2.800 ms - 26

202205-26 21:54:00 info: GET /authenticate 125.910 ms - 89

202205-26 21:54:00 info: true
202205-26 21:54:00 info: GET /authenticate 83.095 ms - 43

202205-26 21:54:00 info: GET /forumThreads/ 3.296 ms - 2

202205-26 21:54:00 info: GET /forumThreads/unknown 3.187 ms - 31

202205-26 21:54:01 info: POST /forumThreads 5.398 ms - 111

202205-26 21:54:01 info: POST /forumThreads 3.270 ms - 111

202205-26 21:54:01 info: POST /forumThreads 3.485 ms - 111

202205-26 21:54:01 info: GET /forumThreads 3.469 ms - 337

202205-26 21:54:01 info: GET /forumThreads/628fdad9916eb10e8d9ea900 2.836 ms - 111

202205-26 21:54:01 info: GET /forumThreads/628fdad9916eb10e8d9ea904 3.266 ms - 111

202205-26 21:54:01 info: Shutting down application
202205-26 21:59:02 info: Started application in development mode
202205-26 21:59:02 info: GET /users 2.817 ms - 26

202205-26 21:59:02 info: false
202205-26 21:59:02 info: GET /authenticate 114.426 ms - 89

202205-26 21:59:03 info: true
202205-26 21:59:03 info: GET /authenticate 84.698 ms - 43

202205-26 21:59:03 info: GET /forumThreads/ 5.282 ms - 337

202205-26 21:59:03 info: GET /forumThreads/unknown 3.080 ms - 31

202205-26 21:59:03 info: POST /forumThreads 11.839 ms - 111

202205-26 21:59:03 info: POST /forumThreads 3.396 ms - 111

202205-26 21:59:03 info: POST /forumThreads 3.227 ms - 111

202205-26 21:59:03 info: GET /forumThreads 3.994 ms - 673

202205-26 21:59:03 info: GET /forumThreads/undefined 1.284 ms - 31

202205-26 21:59:03 info: GET /forumThreads/undefined 1.046 ms - 31

202205-26 21:59:03 info: DELETE /forumthreads/undefined 1.649 ms - 97

202205-26 21:59:03 info: DELETE /forumthreads/undefined 1.342 ms - 97

202205-26 21:59:03 info: DELETE /forumthreads/undefined 0.475 ms - 26

202205-26 21:59:03 info: DELETE /forumthreads/undefined 1.085 ms - 97

202205-26 21:59:03 info: DELETE /forumthreads/undefined 1.296 ms - 97

202205-26 21:59:03 info: GET /forumthreads/ 3.325 ms - 673

202205-26 21:59:03 info: Shutting down application
202205-26 21:59:31 info: Started application in development mode
202205-26 21:59:32 info: GET /users 3.030 ms - 26

202205-26 21:59:32 info: GET /authenticate 111.910 ms - 89

202205-26 21:59:32 info: true
202205-26 21:59:32 info: GET /authenticate 94.134 ms - 43

202205-26 21:59:32 info: GET /forumThreads/ 3.075 ms - 2

202205-26 21:59:32 info: GET /forumThreads/unknown 2.576 ms - 31

202205-26 21:59:32 info: POST /forumThreads 5.453 ms - 111

202205-26 21:59:32 info: POST /forumThreads 3.611 ms - 111

202205-26 21:59:32 info: POST /forumThreads 3.503 ms - 111

202205-26 21:59:32 info: GET /forumThreads 3.525 ms - 337

202205-26 21:59:32 info: GET /forumThreads/628fdc24c2de10801768e3ae 2.786 ms - 111

202205-26 21:59:32 info: GET /forumThreads/628fdc24c2de10801768e3b2 3.203 ms - 111

202205-26 21:59:32 info: DELETE /forumthreads/628fdc24c2de10801768e3ae 3.182 ms - -

202205-26 21:59:32 info: DELETE /forumthreads/628fdc24c2de10801768e3b0 2.248 ms - -

202205-26 21:59:32 info: DELETE /forumthreads/628fdc24c2de10801768e3b2 0.520 ms - 26

202205-26 21:59:32 info: DELETE /forumthreads/628fdc24c2de10801768e3b2 1.827 ms - -

202205-26 21:59:32 info: DELETE /forumthreads/628fdc24c2de10801768e3b2 2.218 ms - 31

202205-26 21:59:32 info: GET /forumthreads/ 1.980 ms - 2

202205-26 21:59:32 info: Shutting down application
202205-26 22:05:09 info: Started application in development mode
202205-26 22:05:10 info: GET /users 2.788 ms - 26

202205-26 22:05:10 info: false
202205-26 22:05:10 info: GET /authenticate 104.259 ms - 89

202205-26 22:05:10 info: true
202205-26 22:05:10 info: GET /authenticate 82.914 ms - 43

202205-26 22:05:10 info: GET /forumThreads/ 5.023 ms - 2

202205-26 22:05:10 info: GET /forumThreads/unknown 3.024 ms - 31

202205-26 22:05:10 info: POST /forumThreads 13.285 ms - 111

202205-26 22:05:10 info: POST /forumThreads 3.289 ms - 111

202205-26 22:05:10 info: POST /forumThreads 3.492 ms - 111

202205-26 22:05:10 info: GET /forumThreads 3.747 ms - 337

202205-26 22:05:10 info: GET /forumThreads/628fdd76ea9d885b440c96ed 3.525 ms - 111

202205-26 22:05:10 info: GET /forumThreads/628fdd76ea9d885b440c96f1 3.255 ms - 111

202205-26 22:05:10 info: GET /forumThreads/myForumThreads 3.367 ms - 337

202205-26 22:05:10 info: GET /forumThreads/myForumThreads 0.429 ms - 26

202205-26 22:05:10 info: DELETE /forumthreads/628fdd76ea9d885b440c96ed 3.139 ms - -

202205-26 22:05:10 info: DELETE /forumthreads/628fdd76ea9d885b440c96ef 2.028 ms - -

202205-26 22:05:10 info: DELETE /forumthreads/628fdd76ea9d885b440c96f1 0.398 ms - 26

202205-26 22:05:10 info: DELETE /forumthreads/628fdd76ea9d885b440c96f1 2.158 ms - -

202205-26 22:05:10 info: DELETE /forumthreads/628fdd76ea9d885b440c96f1 2.302 ms - 31

202205-26 22:05:10 info: GET /forumthreads/ 1.724 ms - 2

202205-26 22:05:10 info: Shutting down application
202205-26 22:05:40 info: Started application in development mode
202205-26 22:05:40 info: GET /users 2.984 ms - 26

202205-26 22:05:40 info: false
202205-26 22:05:40 info: GET /authenticate 102.679 ms - 89

202205-26 22:05:40 info: true
202205-26 22:05:40 info: GET /authenticate 83.828 ms - 43

202205-26 22:05:41 info: GET /forumThreads/ 3.139 ms - 2

202205-26 22:05:41 info: GET /forumThreads/unknown 3.313 ms - 31

202205-26 22:05:41 info: POST /forumThreads 12.881 ms - 111

202205-26 22:05:41 info: POST /forumThreads 3.753 ms - 111

202205-26 22:05:41 info: POST /forumThreads 0.404 ms - 26

202205-26 22:05:41 info: GET /forumThreads 3.169 ms - 225

202205-26 22:05:41 info: GET /forumThreads/undefined 1.162 ms - 31

202205-26 22:05:41 info: GET /forumThreads/undefined 1.023 ms - 31

202205-26 22:05:41 info: GET /forumThreads/myForumThreads 3.585 ms - 225

202205-26 22:05:41 info: GET /forumThreads/myForumThreads 0.510 ms - 26

202205-26 22:05:41 info: DELETE /forumthreads/undefined 1.797 ms - 97

202205-26 22:05:41 info: DELETE /forumthreads/undefined 1.187 ms - 97

202205-26 22:05:41 info: DELETE /forumthreads/undefined 0.373 ms - 26

202205-26 22:05:41 info: DELETE /forumthreads/undefined 1.200 ms - 97

202205-26 22:05:41 info: DELETE /forumthreads/undefined 1.279 ms - 97

202205-26 22:05:41 info: GET /forumthreads/ 3.340 ms - 225

202205-26 22:05:41 info: Shutting down application
202205-26 22:08:26 info: Started application in development mode
202205-26 22:08:27 info: GET /forumThreads 25.814 ms - 2

202205-26 22:08:27 info: false
202205-26 22:08:27 info: GET /authenticate 82.046 ms - 89

202205-26 22:08:27 info: true
202205-26 22:08:27 info: GET /authenticate 86.987 ms - 43

202205-26 22:08:27 info: GET /forumThreads/ 3.030 ms - 2

202205-26 22:08:27 info: GET /forumThreads/unknown 2.558 ms - 31

202205-26 22:08:27 info: POST /forumThreads 5.114 ms - 111

202205-26 22:08:27 info: POST /forumThreads 3.780 ms - 111

202205-26 22:08:27 info: POST /forumThreads 0.439 ms - 26

202205-26 22:08:27 info: GET /forumThreads 3.384 ms - 225

202205-26 22:08:27 info: GET /forumThreads/undefined 1.416 ms - 31

202205-26 22:08:27 info: GET /forumThreads/undefined 1.171 ms - 31

202205-26 22:08:27 info: GET /forumThreads/myForumThreads 3.506 ms - 225

202205-26 22:08:27 info: GET /forumThreads/myForumThreads 0.363 ms - 26

202205-26 22:08:27 info: DELETE /forumthreads/undefined 1.750 ms - 97

202205-26 22:08:27 info: DELETE /forumthreads/undefined 1.126 ms - 97

202205-26 22:08:27 info: DELETE /forumthreads/undefined 0.367 ms - 26

202205-26 22:08:27 info: DELETE /forumthreads/undefined 1.014 ms - 97

202205-26 22:08:27 info: DELETE /forumthreads/undefined 1.135 ms - 97

202205-26 22:08:27 info: GET /forumthreads/ 2.349 ms - 225

202205-26 22:08:27 info: Shutting down application
202205-26 22:09:45 info: Started application in development mode
202205-26 22:09:45 info: GET /forumThreads 18.564 ms - 225

202205-26 22:09:45 info: false
202205-26 22:09:45 info: GET /authenticate 108.168 ms - 89

202205-26 22:09:45 info: true
202205-26 22:09:45 info: GET /authenticate 83.023 ms - 43

202205-26 22:09:45 info: GET /forumThreads/ 2.857 ms - 225

202205-26 22:09:45 info: GET /forumThreads/unknown 2.864 ms - 31

202205-26 22:09:45 info: POST /forumThreads 13.652 ms - 111

202205-26 22:09:45 info: POST /forumThreads 3.244 ms - 111

202205-26 22:09:45 info: POST /forumThreads 0.390 ms - 26

202205-26 22:09:45 info: GET /forumThreads 3.380 ms - 449

202205-26 22:09:45 info: GET /forumThreads/undefined 1.264 ms - 31

202205-26 22:09:45 info: GET /forumThreads/undefined 1.356 ms - 31

202205-26 22:09:45 info: GET /forumThreads/myForumThreads 4.412 ms - 449

202205-26 22:09:45 info: GET /forumThreads/myForumThreads 0.492 ms - 26

202205-26 22:09:45 info: DELETE /forumthreads/undefined 1.763 ms - 97

202205-26 22:09:45 info: DELETE /forumthreads/undefined 1.104 ms - 97

202205-26 22:09:45 info: DELETE /forumthreads/undefined 0.519 ms - 26

202205-26 22:09:45 info: DELETE /forumthreads/undefined 0.998 ms - 97

202205-26 22:09:45 info: DELETE /forumthreads/undefined 1.130 ms - 97

202205-26 22:09:45 info: GET /forumthreads/ 2.975 ms - 449

202205-26 22:09:45 info: Shutting down application
202205-26 22:11:15 info: Started application in development mode
202205-26 22:11:15 info: GET /forumThreads 26.931 ms - 2

202205-26 22:11:16 info: false
202205-26 22:11:16 info: GET /authenticate 82.624 ms - 89

202205-26 22:11:16 info: true
202205-26 22:11:16 info: GET /authenticate 81.609 ms - 43

202205-26 22:11:16 info: GET /forumThreads/ 2.569 ms - 2

202205-26 22:11:16 info: GET /forumThreads/unknown 2.863 ms - 31

202205-26 22:11:16 info: POST /forumThreads 5.286 ms - 111

202205-26 22:11:16 info: POST /forumThreads 3.718 ms - 111

202205-26 22:11:16 info: POST /forumThreads 0.373 ms - 26

202205-26 22:11:16 info: GET /forumThreads 3.489 ms - 225

202205-26 22:11:16 info: GET /forumThreads/undefined 1.163 ms - 31

202205-26 22:11:16 info: GET /forumThreads/undefined 1.526 ms - 31

202205-26 22:11:16 info: GET /forumThreads/myForumThreads 3.210 ms - 225

202205-26 22:11:16 info: GET /forumThreads/myForumThreads 0.358 ms - 26

202205-26 22:11:16 info: DELETE /forumthreads/undefined 1.966 ms - 97

202205-26 22:11:16 info: DELETE /forumthreads/undefined 1.048 ms - 97

202205-26 22:11:16 info: DELETE /forumthreads/undefined 0.387 ms - 26

202205-26 22:11:16 info: DELETE /forumthreads/undefined 0.984 ms - 97

202205-26 22:11:16 info: DELETE /forumthreads/undefined 1.123 ms - 97

202205-26 22:11:16 info: GET /forumthreads/ 2.730 ms - 225

202205-26 22:11:16 info: Shutting down application
202205-26 22:16:21 info: Started application in development mode
202205-26 22:16:22 info: GET /forumThreads 135.633 ms - 2

202205-26 22:16:22 info: false
202205-26 22:16:22 info: GET /authenticate 82.341 ms - 89

202205-26 22:16:22 info: true
202205-26 22:16:22 info: GET /authenticate 89.373 ms - 43

202205-26 22:16:22 info: GET /authenticate 2.536 ms - 89

202205-26 22:16:22 info: GET /forumThreads/ 2.386 ms - 2

202205-26 22:16:22 info: GET /forumThreads/unknown 2.572 ms - 31

202205-26 22:16:22 info: POST /forumThreads 5.742 ms - 111

202205-26 22:16:22 info: POST /forumThreads 3.311 ms - 111

202205-26 22:16:22 info: POST /forumThreads 0.497 ms - 26

202205-26 22:16:22 info: GET /forumThreads 3.038 ms - 225

202205-26 22:16:22 info: GET /forumThreads/undefined 1.233 ms - 31

202205-26 22:16:22 info: GET /forumThreads/undefined 1.030 ms - 31

202205-26 22:16:22 info: GET /forumThreads/myForumThreads 3.321 ms - 225

202205-26 22:16:22 info: GET /forumThreads/myForumThreads 0.351 ms - 26

202205-26 22:16:22 info: DELETE /forumthreads/undefined 1.326 ms - 97

202205-26 22:16:22 info: DELETE /forumthreads/undefined 1.253 ms - 97

202205-26 22:16:22 info: DELETE /forumthreads/undefined 0.376 ms - 26

202205-26 22:16:22 info: DELETE /forumthreads/undefined 1.003 ms - 97

202205-26 22:16:22 info: DELETE /forumthreads/undefined 1.051 ms - 97

202205-26 22:16:22 info: GET /forumthreads/ 2.871 ms - 225

202205-26 22:16:22 info: Shutting down application
202205-26 22:17:29 info: Started application in development mode
202205-26 22:17:29 info: GET /forumThreads 17.432 ms - 225

202205-26 22:17:29 info: false
202205-26 22:17:29 info: GET /authenticate 102.689 ms - 89

202205-26 22:17:29 info: true
202205-26 22:17:29 info: GET /authenticate 84.205 ms - 43

202205-26 22:17:30 info: POST /users 92.726 ms - 191

202205-26 22:17:30 info: true
202205-26 22:17:30 info: GET /authenticate 80.611 ms - 43

202205-26 22:17:30 info: GET /forumThreads/ 2.929 ms - 225

202205-26 22:17:30 info: GET /forumThreads/unknown 2.674 ms - 31

202205-26 22:17:30 info: POST /forumThreads 4.170 ms - 111

202205-26 22:17:30 info: POST /forumThreads 3.878 ms - 111

202205-26 22:17:30 info: POST /forumThreads 2.982 ms - 113

202205-26 22:17:30 info: GET /forumThreads 3.181 ms - 563

202205-26 22:17:30 info: GET /forumThreads/undefined 1.245 ms - 31

202205-26 22:17:30 info: GET /forumThreads/undefined 1.205 ms - 31

202205-26 22:17:30 info: GET /forumThreads/myForumThreads 2.899 ms - 449

202205-26 22:17:30 info: GET /forumThreads/myForumThreads 2.816 ms - 115

202205-26 22:17:30 info: DELETE /forumthreads/undefined 1.541 ms - 97

202205-26 22:17:30 info: DELETE /forumthreads/undefined 1.036 ms - 97

202205-26 22:17:30 info: DELETE /forumthreads/undefined 1.068 ms - 97

202205-26 22:17:30 info: DELETE /forumthreads/undefined 0.946 ms - 97

202205-26 22:17:30 info: DELETE /forumthreads/undefined 1.036 ms - 97

202205-26 22:17:30 info: GET /forumthreads/ 3.164 ms - 563

202205-26 22:17:30 info: Shutting down application
202205-26 22:18:18 info: Started application in development mode
202205-26 22:18:19 info: GET /forumThreads 134.318 ms - 2

202205-26 22:18:19 info: false
202205-26 22:18:19 info: GET /authenticate 83.005 ms - 89

202205-26 22:18:19 info: true
202205-26 22:18:19 info: GET /authenticate 81.936 ms - 43

202205-26 22:18:19 info: POST /users 84.771 ms - 191

202205-26 22:18:19 info: true
202205-26 22:18:19 info: GET /authenticate 89.382 ms - 43

202205-26 22:18:19 info: GET /forumThreads/ 2.871 ms - 2

202205-26 22:18:19 info: GET /forumThreads/unknown 3.038 ms - 31

202205-26 22:18:19 info: POST /forumThreads 3.947 ms - 111

202205-26 22:18:19 info: POST /forumThreads 3.916 ms - 111

202205-26 22:18:19 info: POST /forumThreads 2.842 ms - 113

202205-26 22:18:19 info: GET /forumThreads 3.128 ms - 339

202205-26 22:18:19 info: GET /forumThreads/undefined 1.260 ms - 31

202205-26 22:18:19 info: GET /forumThreads/628fe08b2b5aec302a4946ae 2.960 ms - 113

202205-26 22:18:19 info: GET /forumThreads/myForumThreads 3.276 ms - 225

202205-26 22:18:19 info: GET /forumThreads/myForumThreads 2.541 ms - 115

202205-26 22:18:19 info: DELETE /forumthreads/628fe08b2b5aec302a4946aa 2.946 ms - -

202205-26 22:18:19 info: DELETE /forumthreads/628fe08b2b5aec302a4946ac 1.795 ms - -

202205-26 22:18:19 info: DELETE /forumthreads/628fe08b2b5aec302a4946ae 1.977 ms - -

202205-26 22:18:19 info: DELETE /forumthreads/628fe08b2b5aec302a4946ae 1.811 ms - 31

202205-26 22:18:19 info: DELETE /forumthreads/628fe08b2b5aec302a4946ae 1.949 ms - 31

202205-26 22:18:19 info: GET /forumthreads/ 1.665 ms - 2

202205-26 22:18:19 info: Shutting down application
202205-26 22:20:49 info: Started application in development mode
202205-26 22:20:49 info: GET /forumThreads 12.710 ms - 2

202205-26 22:20:50 info: false
202205-26 22:20:50 info: GET /authenticate 103.532 ms - 89

202205-26 22:20:50 info: true
202205-26 22:20:50 info: GET /authenticate 87.555 ms - 43

202205-26 22:20:50 info: POST /users 7.192 ms - 57

202205-26 22:20:50 info: true
202205-26 22:20:50 info: GET /authenticate 83.417 ms - 43

202205-26 22:20:50 info: GET /forumThreads/ 2.373 ms - 2

202205-26 22:20:50 info: GET /forumThreads/unknown 2.576 ms - 31

202205-26 22:20:50 info: POST /forumThreads 10.503 ms - 111

202205-26 22:20:50 info: POST /forumThreads 3.565 ms - 111

202205-26 22:20:50 info: POST /forumThreads 3.284 ms - 113

202205-26 22:20:50 info: GET /forumThreads 2.991 ms - 339

202205-26 22:20:50 info: GET /forumThreads/628fe122f17f71d24a8255ba 2.848 ms - 111

202205-26 22:20:50 info: GET /forumThreads/628fe122f17f71d24a8255be 2.877 ms - 113

202205-26 22:20:50 info: GET /forumThreads/myForumThreads 3.105 ms - 225

202205-26 22:20:50 info: GET /forumThreads/myForumThreads 2.490 ms - 115

202205-26 22:20:50 info: DELETE /forumthreads/628fe122f17f71d24a8255ba 2.855 ms - -

202205-26 22:20:50 info: DELETE /forumthreads/628fe122f17f71d24a8255bc 1.781 ms - -

202205-26 22:20:50 info: DELETE /forumthreads/628fe122f17f71d24a8255be 1.939 ms - -

202205-26 22:20:50 info: DELETE /forumthreads/628fe122f17f71d24a8255be 1.989 ms - 31

202205-26 22:20:50 info: DELETE /forumthreads/628fe122f17f71d24a8255be 1.830 ms - 31

202205-26 22:20:50 info: GET /forumthreads/ 1.558 ms - 2

202205-26 22:20:50 info: Shutting down application
202205-26 22:21:58 info: Started application in development mode
202205-26 22:21:59 info: GET /forumThreads 27.167 ms - 2

202205-26 22:21:59 info: false
202205-26 22:21:59 info: GET /authenticate 91.881 ms - 89

202205-26 22:21:59 info: true
202205-26 22:21:59 info: GET /authenticate 84.586 ms - 43

202205-26 22:21:59 info: POST /users 90.375 ms - 191

202205-26 22:21:59 info: true
202205-26 22:21:59 info: GET /authenticate 87.070 ms - 43

202205-26 22:21:59 info: GET /forumThreads/ 2.662 ms - 2

202205-26 22:21:59 info: GET /forumThreads/unknown 2.392 ms - 31

202205-26 22:21:59 info: POST /forumThreads 4.015 ms - 111

202205-26 22:21:59 info: POST /forumThreads 3.483 ms - 111

202205-26 22:21:59 info: POST /forumThreads 3.104 ms - 113

202205-26 22:21:59 info: GET /forumThreads 3.488 ms - 339

202205-26 22:21:59 info: GET /forumThreads/628fe1678944e306b83762d5 3.278 ms - 111

202205-26 22:21:59 info: GET /forumThreads/628fe1678944e306b83762d9 2.736 ms - 113

202205-26 22:21:59 info: GET /forumThreads/myForumThreads 3.256 ms - 225

202205-26 22:22:00 info: GET /forumThreads/myForumThreads 2.649 ms - 115

202205-26 22:22:00 info: DELETE /forumthreads/628fe1678944e306b83762d5 2.822 ms - -

202205-26 22:22:00 info: DELETE /forumthreads/628fe1678944e306b83762d7 2.990 ms - -

202205-26 22:22:00 info: DELETE /forumthreads/628fe1678944e306b83762d9 2.115 ms - -

202205-26 22:22:00 info: DELETE /forumthreads/628fe1678944e306b83762d9 1.918 ms - 31

202205-26 22:22:00 info: DELETE /forumthreads/628fe1678944e306b83762d9 1.767 ms - 31

202205-26 22:22:00 info: GET /forumthreads/ 1.962 ms - 2

202205-26 22:22:00 info: Shutting down application
202205-26 22:23:49 info: Started application in development mode
202205-26 22:23:49 info: GET /forumThreads 12.334 ms - 2

202205-26 22:23:49 info: false
202205-26 22:23:49 info: GET /authenticate 101.992 ms - 89

202205-26 22:23:50 info: true
202205-26 22:23:50 info: GET /authenticate 90.296 ms - 43

202205-26 22:23:50 info: POST /users 7.056 ms - 57

202205-26 22:23:50 info: true
202205-26 22:23:50 info: GET /authenticate 85.193 ms - 43

202205-26 22:23:50 info: GET /forumThreads/ 2.315 ms - 2

202205-26 22:23:50 info: GET /forumThreads/unknown 2.378 ms - 31

202205-26 22:23:50 info: POST /forumThreads 12.077 ms - 111

202205-26 22:23:50 info: POST /forumThreads 3.499 ms - 111

202205-26 22:23:50 info: POST /forumThreads 3.173 ms - 113

202205-26 22:23:50 info: GET /forumThreads 2.948 ms - 339

202205-26 22:23:50 info: GET /forumThreads/628fe1d6b0f44a353800c00f 3.115 ms - 111

202205-26 22:23:50 info: GET /forumThreads/628fe1d6b0f44a353800c013 3.095 ms - 113

202205-26 22:23:50 info: GET /forumThreads/myForumThreads 3.190 ms - 225

202205-26 22:23:50 info: GET /forumThreads/myForumThreads 2.519 ms - 115

202205-26 22:23:50 info: DELETE /users/manfred 3.031 ms - -

202205-26 22:23:50 info: DELETE /forumthreads/628fe1d6b0f44a353800c00f 2.021 ms - -

202205-26 22:23:50 info: DELETE /forumthreads/628fe1d6b0f44a353800c011 2.099 ms - -

202205-26 22:23:50 info: DELETE /forumthreads/628fe1d6b0f44a353800c013 1.868 ms - -

202205-26 22:23:50 info: DELETE /forumthreads/628fe1d6b0f44a353800c013 2.256 ms - 31

202205-26 22:23:50 info: DELETE /forumthreads/628fe1d6b0f44a353800c013 1.720 ms - 31

202205-26 22:23:50 info: GET /forumthreads/ 1.843 ms - 2

202205-26 22:23:50 info: Shutting down application
202205-26 22:23:52 info: Started application in development mode
202205-26 22:23:53 info: GET /forumThreads 16.515 ms - 2

202205-26 22:23:53 info: false
202205-26 22:23:53 info: GET /authenticate 102.130 ms - 89

202205-26 22:23:53 info: true
202205-26 22:23:53 info: GET /authenticate 89.193 ms - 43

202205-26 22:23:53 info: POST /users 97.717 ms - 191

202205-26 22:23:53 info: true
202205-26 22:23:53 info: GET /authenticate 79.980 ms - 43

202205-26 22:23:53 info: GET /forumThreads/ 2.529 ms - 2

202205-26 22:23:53 info: GET /forumThreads/unknown 2.503 ms - 31

202205-26 22:23:53 info: POST /forumThreads 4.742 ms - 111

202205-26 22:23:53 info: POST /forumThreads 3.256 ms - 111

202205-26 22:23:53 info: POST /forumThreads 2.809 ms - 113

202205-26 22:23:53 info: GET /forumThreads 2.944 ms - 339

202205-26 22:23:53 info: GET /forumThreads/628fe1d94ddefddd2893b8fe 3.345 ms - 111

202205-26 22:23:53 info: GET /forumThreads/628fe1d94ddefddd2893b902 3.062 ms - 113

202205-26 22:23:53 info: GET /forumThreads/myForumThreads 2.809 ms - 225

202205-26 22:23:53 info: GET /forumThreads/myForumThreads 2.776 ms - 115

202205-26 22:23:53 info: DELETE /users/manfred 2.919 ms - -

202205-26 22:23:53 info: DELETE /forumthreads/628fe1d94ddefddd2893b8fe 1.971 ms - -

202205-26 22:23:53 info: DELETE /forumthreads/628fe1d94ddefddd2893b900 2.134 ms - -

202205-26 22:23:53 info: DELETE /forumthreads/628fe1d94ddefddd2893b902 1.982 ms - -

202205-26 22:23:53 info: DELETE /forumthreads/628fe1d94ddefddd2893b902 2.049 ms - 31

202205-26 22:23:53 info: DELETE /forumthreads/628fe1d94ddefddd2893b902 1.586 ms - 31

202205-26 22:23:53 info: GET /forumthreads/ 1.594 ms - 2

202205-26 22:23:53 info: Shutting down application
202205-26 22:24:32 info: Started application in development mode
202205-26 22:24:33 info: GET /forumThreads 13.306 ms - 2

202205-26 22:24:33 info: false
202205-26 22:24:33 info: GET /authenticate 101.270 ms - 89

202205-26 22:24:33 info: true
202205-26 22:24:33 info: GET /authenticate 83.219 ms - 43

202205-26 22:24:33 info: POST /users 93.649 ms - 191

202205-26 22:24:33 info: true
202205-26 22:24:33 info: GET /authenticate 82.633 ms - 43

202205-26 22:24:33 info: GET /forumThreads/ 2.429 ms - 2

202205-26 22:24:33 info: GET /forumThreads/unknown 3.451 ms - 31

202205-26 22:24:33 info: POST /forumThreads 4.241 ms - 111

202205-26 22:24:33 info: POST /forumThreads 3.667 ms - 111

202205-26 22:24:33 info: POST /forumThreads 3.022 ms - 113

202205-26 22:24:33 info: GET /forumThreads 3.018 ms - 339

202205-26 22:24:33 info: GET /forumThreads/628fe2014ffcd4b9e9bb9f5c 2.885 ms - 111

202205-26 22:24:33 info: GET /forumThreads/628fe2014ffcd4b9e9bb9f60 3.016 ms - 113

202205-26 22:24:33 info: GET /forumThreads/myForumThreads 3.053 ms - 225

202205-26 22:24:33 info: GET /forumThreads/myForumThreads 2.530 ms - 115

202205-26 22:24:33 info: DELETE /users/manfred 3.025 ms - -

202205-26 22:24:33 info: DELETE /forumthreads/628fe2014ffcd4b9e9bb9f5c 1.853 ms - -

202205-26 22:24:33 info: DELETE /forumthreads/628fe2014ffcd4b9e9bb9f5e 1.805 ms - -

202205-26 22:24:33 info: DELETE /forumthreads/628fe2014ffcd4b9e9bb9f60 1.711 ms - -

202205-26 22:24:33 info: DELETE /forumthreads/628fe2014ffcd4b9e9bb9f60 1.806 ms - 31

202205-26 22:24:33 info: DELETE /forumthreads/628fe2014ffcd4b9e9bb9f60 1.812 ms - 31

202205-26 22:24:33 info: GET /forumthreads/ 1.652 ms - 2

202205-26 22:24:33 info: Shutting down application
202205-26 22:25:14 info: Started application in development mode
202205-26 22:25:15 info: GET /forumThreads 12.750 ms - 2

202205-26 22:25:15 info: false
202205-26 22:25:15 info: GET /authenticate 101.413 ms - 89

202205-26 22:25:15 info: true
202205-26 22:25:15 info: GET /authenticate 88.825 ms - 43

202205-26 22:25:15 info: POST /users 92.376 ms - 191

202205-26 22:25:15 info: true
202205-26 22:25:15 info: GET /authenticate 85.913 ms - 43

202205-26 22:25:15 info: GET /forumThreads/ 3.182 ms - 2

202205-26 22:25:15 info: GET /forumThreads/unknown 2.505 ms - 31

202205-26 22:25:15 info: POST /forumThreads 4.505 ms - 111

202205-26 22:25:15 info: POST /forumThreads 3.258 ms - 111

202205-26 22:25:15 info: POST /forumThreads 3.285 ms - 113

202205-26 22:25:15 info: GET /forumThreads 3.220 ms - 339

202205-26 22:25:15 info: GET /forumThreads/628fe22b0a76bcc337daddd6 3.117 ms - 111

202205-26 22:25:15 info: GET /forumThreads/628fe22b0a76bcc337daddda 3.379 ms - 113

202205-26 22:25:15 info: GET /forumThreads/myForumThreads 2.902 ms - 225

202205-26 22:25:15 info: GET /forumThreads/myForumThreads 2.565 ms - 115

202205-26 22:25:15 info: DELETE /users/manfred 2.892 ms - -

202205-26 22:25:15 info: DELETE /forumthreads/628fe22b0a76bcc337daddd6 2.072 ms - -

202205-26 22:25:15 info: DELETE /forumthreads/628fe22b0a76bcc337daddd8 2.307 ms - -

202205-26 22:25:15 info: DELETE /forumthreads/628fe22b0a76bcc337daddda 1.914 ms - -

202205-26 22:25:15 info: DELETE /forumthreads/628fe22b0a76bcc337daddda 1.874 ms - 31

202205-26 22:25:15 info: DELETE /forumthreads/628fe22b0a76bcc337daddda 1.542 ms - 31

202205-26 22:25:15 info: GET /forumthreads/ 1.768 ms - 2

202205-26 22:25:15 info: Shutting down application
202205-26 22:26:34 info: Started application in development mode
202205-26 22:26:34 info: GET /forumThreads 13.342 ms - 2

202205-26 22:26:34 info: false
202205-26 22:26:34 info: GET /authenticate 108.238 ms - 89

202205-26 22:26:34 info: true
202205-26 22:26:34 info: GET /authenticate 83.229 ms - 43

202205-26 22:26:34 info: POST /users 95.363 ms - 191

202205-26 22:26:34 info: true
202205-26 22:26:34 info: GET /authenticate 80.731 ms - 43

202205-26 22:26:34 info: GET /forumThreads/ 2.297 ms - 2

202205-26 22:26:34 info: GET /forumThreads/unknown 2.580 ms - 31

202205-26 22:26:34 info: POST /forumThreads 4.503 ms - 111

202205-26 22:26:34 info: POST /forumThreads 3.459 ms - 111

202205-26 22:26:34 info: POST /forumThreads 2.955 ms - 113

202205-26 22:26:34 info: GET /forumThreads 3.240 ms - 339

202205-26 22:26:35 info: GET /forumThreads/628fe27a303380813fbee86c 2.980 ms - 111

202205-26 22:26:35 info: GET /forumThreads/628fe27a303380813fbee870 3.900 ms - 113

202205-26 22:26:35 info: GET /forumThreads/myForumThreads 2.883 ms - 225

202205-26 22:26:35 info: GET /forumThreads/myForumThreads 2.687 ms - 115

202205-26 22:26:35 info: DELETE /users/manfred 3.282 ms - -

202205-26 22:26:35 info: DELETE /forumthreads/628fe27a303380813fbee86c 2.229 ms - -

202205-26 22:26:35 info: DELETE /forumthreads/628fe27a303380813fbee86e 1.867 ms - -

202205-26 22:26:35 info: DELETE /forumthreads/628fe27a303380813fbee870 1.767 ms - -

202205-26 22:26:35 info: DELETE /forumthreads/628fe27a303380813fbee870 1.992 ms - 31

202205-26 22:26:35 info: GET /forumthreads/ 1.642 ms - 2

202205-26 22:26:35 info: Shutting down application
202205-26 22:33:51 info: Started application in development mode
202205-26 22:33:52 info: GET /forumThreads 16.338 ms - 2

202205-26 22:33:52 info: false
202205-26 22:33:52 info: GET /authenticate 101.054 ms - 89

202205-26 22:33:52 info: true
202205-26 22:33:52 info: GET /authenticate 82.733 ms - 43

202205-26 22:33:52 info: POST /users 98.359 ms - 191

202205-26 22:33:52 info: true
202205-26 22:33:52 info: GET /authenticate 80.487 ms - 43

202205-26 22:33:52 info: GET /forumThreads/ 2.653 ms - 2

202205-26 22:33:52 info: GET /forumThreads/unknown 2.322 ms - 31

202205-26 22:33:52 info: POST /forumThreads 4.356 ms - 111

202205-26 22:33:52 info: POST /forumThreads 3.283 ms - 111

202205-26 22:33:52 info: POST /forumThreads 3.388 ms - 113

202205-26 22:33:52 info: GET /forumThreads 3.246 ms - 339

202205-26 22:33:52 info: GET /forumThreads/628fe430e92cadb1efe37d9d 2.511 ms - 111

202205-26 22:33:52 info: GET /forumThreads/628fe430e92cadb1efe37da1 3.061 ms - 113

202205-26 22:33:52 info: GET /forumThreads/myForumThreads 2.918 ms - 225

202205-26 22:33:52 info: GET /forumThreads/myForumThreads 2.561 ms - 115

202205-26 22:33:52 info: GET /forumThreads?ownerID=admin 2.232 ms - 225

202205-26 22:33:52 info: GET /forumThreads?ownerID=manfred 2.177 ms - 115

202205-26 22:33:52 info: DELETE /users/manfred 3.469 ms - -

202205-26 22:33:52 info: DELETE /forumthreads/628fe430e92cadb1efe37d9d 2.246 ms - -

202205-26 22:33:52 info: DELETE /forumthreads/628fe430e92cadb1efe37d9f 2.005 ms - -

202205-26 22:33:52 info: DELETE /forumthreads/628fe430e92cadb1efe37da1 1.788 ms - -

202205-26 22:33:52 info: DELETE /forumthreads/628fe430e92cadb1efe37da1 1.755 ms - 31

202205-26 22:33:52 info: GET /forumthreads/ 1.866 ms - 2

202205-26 22:33:52 info: Shutting down application
202205-26 22:39:41 info: Started application in development mode
202205-26 22:39:42 info: GET /forumThreads 15.775 ms - 2

202205-26 22:39:42 info: false
202205-26 22:39:42 info: GET /authenticate 108.042 ms - 89

202205-26 22:39:42 info: true
202205-26 22:39:42 info: GET /authenticate 85.373 ms - 43

202205-26 22:39:42 info: POST /users 97.607 ms - 191

202205-26 22:39:42 info: true
202205-26 22:39:42 info: GET /authenticate 86.401 ms - 43

202205-26 22:39:42 info: GET /forumThreads/ 2.572 ms - 2

202205-26 22:39:42 info: GET /forumThreads/unknown 2.255 ms - 31

202205-26 22:39:42 info: POST /forumThreads 4.330 ms - 111

202205-26 22:39:42 info: POST /forumThreads 3.277 ms - 111

202205-26 22:39:42 info: POST /forumThreads 3.099 ms - 113

202205-26 22:39:42 info: GET /forumThreads 2.872 ms - 339

202205-26 22:39:42 info: GET /forumThreads/628fe58e2b6b4706a6354120 2.572 ms - 111

202205-26 22:39:42 info: GET /forumThreads/628fe58e2b6b4706a6354124 2.658 ms - 113

202205-26 22:39:42 info: GET /forumThreads/myForumThreads 3.224 ms - 225

202205-26 22:39:42 info: GET /forumThreads/myForumThreads 2.713 ms - 115

202205-26 22:39:42 info: GET /forumThreads?ownerID=admin 2.292 ms - 225

202205-26 22:39:42 info: GET /forumThreads?ownerID=manfred 2.073 ms - 115

202205-26 22:39:42 info: PUT /forumThreads/forumThread1 2.376 ms - 25

202205-26 22:39:42 info: GET /forumThreads/628fe58e2b6b4706a6354120 2.096 ms - 111

202205-26 22:39:42 info: DELETE /users/manfred 3.010 ms - -

202205-26 22:39:42 info: DELETE /forumthreads/628fe58e2b6b4706a6354120 1.911 ms - -

202205-26 22:39:42 info: DELETE /forumthreads/628fe58e2b6b4706a6354122 1.790 ms - -

202205-26 22:39:42 info: DELETE /forumthreads/628fe58e2b6b4706a6354124 1.830 ms - -

202205-26 22:39:42 info: DELETE /forumthreads/628fe58e2b6b4706a6354124 2.011 ms - 31

202205-26 22:39:42 info: GET /forumthreads/ 1.666 ms - 2

202205-26 22:39:42 info: Shutting down application
202205-26 22:41:11 info: Started application in development mode
202205-26 22:41:12 info: GET /forumThreads 17.012 ms - 2

202205-26 22:41:12 info: false
202205-26 22:41:12 info: GET /authenticate 111.469 ms - 89

202205-26 22:41:12 info: true
202205-26 22:41:12 info: GET /authenticate 86.369 ms - 43

202205-26 22:41:12 info: POST /users 98.769 ms - 191

202205-26 22:41:12 info: true
202205-26 22:41:12 info: GET /authenticate 83.006 ms - 43

202205-26 22:41:12 info: GET /forumThreads/ 2.534 ms - 2

202205-26 22:41:12 info: GET /forumThreads/unknown 2.442 ms - 31

202205-26 22:41:12 info: POST /forumThreads 4.250 ms - 111

202205-26 22:41:12 info: POST /forumThreads 3.365 ms - 111

202205-26 22:41:12 info: POST /forumThreads 3.642 ms - 113

202205-26 22:41:12 info: GET /forumThreads 3.009 ms - 339

202205-26 22:41:12 info: GET /forumThreads/628fe5e871e3b0e8f7cf6c4f 2.818 ms - 111

202205-26 22:41:12 info: GET /forumThreads/628fe5e871e3b0e8f7cf6c53 2.647 ms - 113

202205-26 22:41:12 info: GET /forumThreads/myForumThreads 3.333 ms - 225

202205-26 22:41:12 info: GET /forumThreads/myForumThreads 2.667 ms - 115

202205-26 22:41:12 info: GET /forumThreads?ownerID=admin 2.200 ms - 225

202205-26 22:41:12 info: GET /forumThreads?ownerID=manfred 2.071 ms - 115

202205-26 22:41:12 info: PUT /forumThreads/forumThread1 2.214 ms - 25

202205-26 22:41:12 info: GET /forumThreads/628fe5e871e3b0e8f7cf6c4f 2.663 ms - 111

202205-26 22:41:12 info: DELETE /users/manfred 2.842 ms - -

202205-26 22:41:12 info: DELETE /forumthreads/628fe5e871e3b0e8f7cf6c4f 2.071 ms - -

202205-26 22:41:12 info: DELETE /forumthreads/628fe5e871e3b0e8f7cf6c51 1.669 ms - -

202205-26 22:41:12 info: DELETE /forumthreads/628fe5e871e3b0e8f7cf6c53 1.705 ms - -

202205-26 22:41:12 info: DELETE /forumthreads/628fe5e871e3b0e8f7cf6c53 1.875 ms - 31

202205-26 22:41:12 info: GET /forumthreads/ 1.979 ms - 2

202205-26 22:41:12 info: Shutting down application
202205-26 22:42:33 info: Started application in development mode
202205-26 22:42:34 info: GET /forumThreads 12.540 ms - 2

202205-26 22:42:34 info: false
202205-26 22:42:34 info: GET /authenticate 108.106 ms - 89

202205-26 22:42:34 info: true
202205-26 22:42:34 info: GET /authenticate 83.043 ms - 43

202205-26 22:42:34 info: POST /users 92.427 ms - 191

202205-26 22:42:34 info: true
202205-26 22:42:34 info: GET /authenticate 85.235 ms - 43

202205-26 22:42:34 info: GET /forumThreads/ 2.914 ms - 2

202205-26 22:42:34 info: GET /forumThreads/unknown 2.193 ms - 31

202205-26 22:42:34 info: POST /forumThreads 4.435 ms - 111

202205-26 22:42:34 info: POST /forumThreads 3.213 ms - 111

202205-26 22:42:34 info: POST /forumThreads 2.818 ms - 113

202205-26 22:42:34 info: GET /forumThreads 3.171 ms - 339

202205-26 22:42:34 info: GET /forumThreads/undefined 0.755 ms - 31

202205-26 22:42:34 info: GET /forumThreads/628fe63aa9a1c94ff87f3989 2.634 ms - 113

202205-26 22:42:34 info: GET /forumThreads/myForumThreads 3.027 ms - 225

202205-26 22:42:34 info: GET /forumThreads/myForumThreads 3.032 ms - 115

202205-26 22:42:34 info: GET /forumThreads?ownerID=admin 2.609 ms - 225

202205-26 22:42:34 info: GET /forumThreads?ownerID=manfred 2.144 ms - 115

202205-26 22:42:34 info: PUT /forumThreads/forumThread1 2.685 ms - 25

202205-26 22:42:34 info: GET /forumThreads/628fe63aa9a1c94ff87f3985 2.464 ms - 111

202205-26 22:42:34 info: DELETE /users/manfred 3.215 ms - -

202205-26 22:42:34 info: DELETE /forumthreads/628fe63aa9a1c94ff87f3985 1.975 ms - -

202205-26 22:42:34 info: DELETE /forumthreads/628fe63aa9a1c94ff87f3987 2.101 ms - -

202205-26 22:42:34 info: DELETE /forumthreads/628fe63aa9a1c94ff87f3989 1.983 ms - -

202205-26 22:42:34 info: DELETE /forumthreads/628fe63aa9a1c94ff87f3989 1.888 ms - 31

202205-26 22:42:34 info: GET /forumthreads/ 1.781 ms - 2

202205-26 22:42:34 info: Shutting down application
202205-26 22:43:44 info: Started application in development mode
202205-26 22:43:45 info: GET /forumThreads 16.230 ms - 2

202205-26 22:43:45 info: false
202205-26 22:43:45 info: GET /authenticate 108.735 ms - 89

202205-26 22:43:45 info: true
202205-26 22:43:45 info: GET /authenticate 89.637 ms - 43

202205-26 22:43:45 info: POST /users 98.046 ms - 191

202205-26 22:43:45 info: true
202205-26 22:43:45 info: GET /authenticate 85.391 ms - 43

202205-26 22:43:45 info: GET /forumThreads/ 2.568 ms - 2

202205-26 22:43:45 info: GET /forumThreads/unknown 2.186 ms - 31

202205-26 22:43:45 info: POST /forumThreads 4.094 ms - 111

202205-26 22:43:45 info: POST /forumThreads 3.257 ms - 111

202205-26 22:43:45 info: POST /forumThreads 3.373 ms - 113

202205-26 22:43:45 info: GET /forumThreads 3.140 ms - 339

202205-26 22:43:45 info: GET /forumThreads/628fe681e510e4fe7a8562a0 3.273 ms - 111

202205-26 22:43:45 info: GET /forumThreads/628fe681e510e4fe7a8562a4 2.679 ms - 113

202205-26 22:43:45 info: GET /forumThreads/myForumThreads 3.180 ms - 225

202205-26 22:43:45 info: GET /forumThreads/myForumThreads 2.542 ms - 115

202205-26 22:43:45 info: GET /forumThreads?ownerID=admin 2.143 ms - 225

202205-26 22:43:45 info: GET /forumThreads?ownerID=manfred 1.931 ms - 115

202205-26 22:43:45 info: PUT /forumThreads628fe681e510e4fe7a8562a0 0.413 ms - 9

202205-26 22:43:45 info: GET /forumThreads/628fe681e510e4fe7a8562a0 2.222 ms - 111

202205-26 22:43:45 info: DELETE /users/manfred 3.742 ms - -

202205-26 22:43:45 info: DELETE /forumthreads/628fe681e510e4fe7a8562a0 1.934 ms - -

202205-26 22:43:45 info: DELETE /forumthreads/628fe681e510e4fe7a8562a2 1.979 ms - -

202205-26 22:43:45 info: DELETE /forumthreads/628fe681e510e4fe7a8562a4 1.691 ms - -

202205-26 22:43:45 info: DELETE /forumthreads/628fe681e510e4fe7a8562a4 1.665 ms - 31

202205-26 22:43:45 info: GET /forumthreads/ 1.623 ms - 2

202205-26 22:43:45 info: Shutting down application
202205-26 22:44:28 info: Started application in development mode
202205-26 22:44:29 info: GET /forumThreads 12.408 ms - 2

202205-26 22:44:29 info: false
202205-26 22:44:29 info: GET /authenticate 104.078 ms - 89

202205-26 22:44:29 info: true
202205-26 22:44:29 info: GET /authenticate 85.076 ms - 43

202205-26 22:44:29 info: POST /users 97.171 ms - 191

202205-26 22:44:29 info: true
202205-26 22:44:29 info: GET /authenticate 80.363 ms - 43

202205-26 22:44:29 info: GET /forumThreads/ 2.471 ms - 2

202205-26 22:44:29 info: GET /forumThreads/unknown 2.159 ms - 31

202205-26 22:44:29 info: POST /forumThreads 4.171 ms - 111

202205-26 22:44:29 info: POST /forumThreads 3.836 ms - 111

202205-26 22:44:29 info: POST /forumThreads 2.864 ms - 113

202205-26 22:44:29 info: GET /forumThreads 3.907 ms - 339

202205-26 22:44:29 info: GET /forumThreads/628fe6ad2be714d3c9e9bf10 2.736 ms - 111

202205-26 22:44:29 info: GET /forumThreads/628fe6ad2be714d3c9e9bf14 3.041 ms - 113

202205-26 22:44:29 info: GET /forumThreads/myForumThreads 3.776 ms - 225

202205-26 22:44:29 info: GET /forumThreads/myForumThreads 3.215 ms - 115

202205-26 22:44:29 info: GET /forumThreads?ownerID=admin 2.215 ms - 225

202205-26 22:44:29 info: GET /forumThreads?ownerID=manfred 1.844 ms - 115

202205-26 22:44:29 info: PUT /forumThreads628fe6ad2be714d3c9e9bf10 0.305 ms - 9

202205-26 22:44:29 info: GET /forumThreads/628fe6ad2be714d3c9e9bf10 2.327 ms - 111

202205-26 22:44:29 info: DELETE /users/manfred 4.120 ms - -

202205-26 22:44:29 info: DELETE /forumthreads/628fe6ad2be714d3c9e9bf10 1.967 ms - -

202205-26 22:44:29 info: DELETE /forumthreads/628fe6ad2be714d3c9e9bf12 2.487 ms - -

202205-26 22:44:29 info: DELETE /forumthreads/628fe6ad2be714d3c9e9bf14 1.810 ms - -

202205-26 22:44:29 info: DELETE /forumthreads/628fe6ad2be714d3c9e9bf14 2.216 ms - 31

202205-26 22:44:29 info: GET /forumthreads/ 1.687 ms - 2

202205-26 22:44:29 info: Shutting down application
202205-26 22:44:53 info: Started application in development mode
202205-26 22:44:53 info: GET /forumThreads 12.558 ms - 2

202205-26 22:44:53 info: false
202205-26 22:44:53 info: GET /authenticate 107.599 ms - 89

202205-26 22:44:53 info: true
202205-26 22:44:53 info: GET /authenticate 87.384 ms - 43

202205-26 22:44:54 info: POST /users 95.552 ms - 191

202205-26 22:44:54 info: true
202205-26 22:44:54 info: GET /authenticate 80.697 ms - 43

202205-26 22:44:54 info: GET /forumThreads/ 2.616 ms - 2

202205-26 22:44:54 info: GET /forumThreads/unknown 2.365 ms - 31

202205-26 22:44:54 info: POST /forumThreads 4.361 ms - 111

202205-26 22:44:54 info: POST /forumThreads 3.728 ms - 111

202205-26 22:44:54 info: POST /forumThreads 2.583 ms - 113

202205-26 22:44:54 info: GET /forumThreads 3.315 ms - 339

202205-26 22:44:54 info: GET /forumThreads/628fe6c6aae1a0be094979a7 2.885 ms - 111

202205-26 22:44:54 info: GET /forumThreads/628fe6c6aae1a0be094979ab 2.573 ms - 113

202205-26 22:44:54 info: GET /forumThreads/myForumThreads 3.306 ms - 225

202205-26 22:44:54 info: GET /forumThreads/myForumThreads 2.500 ms - 115

202205-26 22:44:54 info: GET /forumThreads?ownerID=admin 2.216 ms - 225

202205-26 22:44:54 info: GET /forumThreads?ownerID=manfred 2.045 ms - 115

202205-26 22:44:54 info: PUT /forumThreads/628fe6c6aae1a0be094979a7 3.008 ms - -

202205-26 22:44:54 info: GET /forumThreads/628fe6c6aae1a0be094979a7 2.575 ms - 126

202205-26 22:44:54 info: DELETE /users/manfred 2.923 ms - -

202205-26 22:44:54 info: DELETE /forumthreads/628fe6c6aae1a0be094979a7 2.049 ms - -

202205-26 22:44:54 info: DELETE /forumthreads/628fe6c6aae1a0be094979a9 2.135 ms - -

202205-26 22:44:54 info: DELETE /forumthreads/628fe6c6aae1a0be094979ab 1.710 ms - -

202205-26 22:44:54 info: DELETE /forumthreads/628fe6c6aae1a0be094979ab 1.894 ms - 31

202205-26 22:44:54 info: GET /forumthreads/ 1.865 ms - 2

202205-26 22:44:54 info: Shutting down application
202205-26 22:47:05 info: Started application in development mode
202205-26 22:47:05 info: GET /forumThreads 16.160 ms - 2

202205-26 22:47:05 info: false
202205-26 22:47:05 info: GET /authenticate 106.670 ms - 89

202205-26 22:47:05 info: true
202205-26 22:47:05 info: GET /authenticate 90.031 ms - 43

202205-26 22:47:05 info: POST /users 99.974 ms - 191

202205-26 22:47:06 info: true
202205-26 22:47:06 info: GET /authenticate 86.131 ms - 43

202205-26 22:47:06 info: GET /forumThreads/ 2.487 ms - 2

202205-26 22:47:06 info: GET /forumThreads/unknown 2.188 ms - 31

202205-26 22:47:06 info: POST /forumThreads 4.289 ms - 111

202205-26 22:47:06 info: POST /forumThreads 4.574 ms - 111

202205-26 22:47:06 info: POST /forumThreads 2.996 ms - 113

202205-26 22:47:06 info: GET /forumThreads 3.057 ms - 339

202205-26 22:47:06 info: GET /forumThreads/628fe74a5486df08661ba276 2.529 ms - 111

202205-26 22:47:06 info: GET /forumThreads/628fe74a5486df08661ba27a 3.277 ms - 113

202205-26 22:47:06 info: GET /forumThreads/myForumThreads 3.069 ms - 225

202205-26 22:47:06 info: GET /forumThreads/myForumThreads 3.191 ms - 115

202205-26 22:47:06 info: GET /forumThreads?ownerID=admin 2.283 ms - 225

202205-26 22:47:06 info: GET /forumThreads?ownerID=manfred 1.982 ms - 115

202205-26 22:47:06 info: PUT /forumThreads/628fe74a5486df08661ba276 3.244 ms - -

202205-26 22:47:06 info: GET /forumThreads/628fe74a5486df08661ba276 2.724 ms - 126

202205-26 22:47:06 info: DELETE /users/manfred 3.106 ms - -

202205-26 22:47:06 info: DELETE /forumthreads/628fe74a5486df08661ba276 1.991 ms - -

202205-26 22:47:06 info: DELETE /forumthreads/628fe74a5486df08661ba278 1.859 ms - -

202205-26 22:47:06 info: DELETE /forumthreads/628fe74a5486df08661ba27a 1.840 ms - -

202205-26 22:47:06 info: DELETE /forumthreads/628fe74a5486df08661ba27a 2.253 ms - 31

202205-26 22:47:06 info: GET /forumthreads/ 1.638 ms - 2

202205-26 22:47:06 info: Shutting down application
202205-26 22:49:49 info: Started application in development mode
202205-26 22:49:49 info: GET /publicUsers 17.096 ms - 177

202205-26 22:49:49 info: GET /publicUsers/unknown 3.203 ms - 23

202205-26 22:49:49 info: DELETE /publicUsers/admin 3.138 ms - -

202205-26 22:49:49 info: GET /publicUsers/admin 2.246 ms - 23

202205-26 22:49:49 info: DELETE /publicUsers/admin 2.271 ms - 23

202205-26 22:49:49 info: POST /publicUsers 112.214 ms - 173

202205-26 22:49:49 info: GET /publicUsers/admin 2.976 ms - 173

202205-26 22:49:49 info: POST /publicUsers 81.907 ms - 191

202205-26 22:49:49 info: POST /publicUsers 3.152 ms - 57

202205-26 22:49:49 info: GET /publicUsers 2.440 ms - 367

202205-26 22:49:49 debug: no password given, no worries
202205-26 22:49:49 info: PUT /publicUsers/manfred 3.699 ms - -

202205-26 22:49:49 info: GET /publicUsers/manfred 2.881 ms - 179

202205-26 22:49:49 info: true
202205-26 22:49:49 info: PUT /publicUsers/manfred 79.667 ms - -

202205-26 22:49:49 info: false
202205-26 22:49:49 debug: this is the password: 12345
202205-26 22:49:49 debug: this is a new password
202205-26 22:49:50 info: GET /publicUsers/manfred 2.302 ms - 179

202205-26 22:49:50 info: false
202205-26 22:49:50 info: POST /publicUsers 3.381 ms - 21

202205-26 22:49:50 info: DELETE /publicUsers/admin 1.811 ms - -

202205-26 22:49:50 info: DELETE /publicUsers/manfred 1.590 ms - -

202205-26 22:49:50 info: GET /publicUsers/ 1.652 ms - 2

202205-26 22:49:50 info: GET /users 0.443 ms - 26

202205-26 22:49:50 info: GET /authenticate 2.319 ms - 89

202205-26 22:49:50 info: GET /authenticate 1.835 ms - 89

202205-26 22:49:50 info: GET /users/ 0.717 ms - 26

202205-26 22:49:50 info: GET /users/unknown 0.379 ms - 26

202205-26 22:49:50 info: GET /users/admin 0.349 ms - 26

202205-26 22:49:50 info: DELETE /users/admin 0.379 ms - 26

202205-26 22:49:50 info: GET /users/admin 0.362 ms - 26

202205-26 22:49:50 info: DELETE /users/admin 0.378 ms - 26

202205-26 22:49:50 info: POST /users 0.305 ms - 26

202205-26 22:49:50 info: GET /users/admin 0.364 ms - 26

202205-26 22:49:50 info: POST /users 0.391 ms - 26

202205-26 22:49:50 info: POST /users 0.288 ms - 26

202205-26 22:49:50 info: GET /authenticate 1.987 ms - 89

202205-26 22:49:50 info: GET /users 0.475 ms - 26

202205-26 22:49:50 info: GET /users/manfred 0.387 ms - 26

202205-26 22:49:50 info: PUT /users/manfred 0.463 ms - 26

202205-26 22:49:50 info: GET /users/manfred 0.377 ms - 26

202205-26 22:49:50 info: POST /users 0.301 ms - 26

202205-26 22:49:50 info: DELETE /users/admin 0.342 ms - 26

202205-26 22:49:50 info: DELETE /users/manfred 0.383 ms - 26

202205-26 22:49:50 info: GET /users/ 0.352 ms - 26

202205-26 22:49:50 info: GET /forumThreads 1.917 ms - 2

202205-26 22:49:50 info: GET /authenticate 2.109 ms - 89

202205-26 22:49:50 info: GET /authenticate 2.528 ms - 89

202205-26 22:49:50 info: POST /users 0.282 ms - 26

202205-26 22:49:50 info: GET /authenticate 1.715 ms - 89

202205-26 22:49:50 info: GET /forumThreads/ 2.840 ms - 2

202205-26 22:49:50 info: GET /forumThreads/unknown 2.157 ms - 31

202205-26 22:49:50 info: POST /forumThreads 0.463 ms - 26

202205-26 22:49:50 info: POST /forumThreads 0.457 ms - 26

202205-26 22:49:50 info: POST /forumThreads 0.550 ms - 26

202205-26 22:49:50 info: GET /forumThreads 1.760 ms - 2

202205-26 22:49:50 info: GET /forumThreads/undefined 0.743 ms - 31

202205-26 22:49:50 info: GET /forumThreads/undefined 0.657 ms - 31

202205-26 22:49:50 info: GET /forumThreads/myForumThreads 0.396 ms - 26

202205-26 22:49:50 info: GET /forumThreads/myForumThreads 0.337 ms - 26

202205-26 22:49:50 info: GET /forumThreads?ownerID=admin 1.638 ms - 2

202205-26 22:49:50 info: GET /forumThreads?ownerID=manfred 1.768 ms - 2

202205-26 22:49:50 info: PUT /forumThreads/undefined 0.362 ms - 26

202205-26 22:49:50 info: GET /forumThreads/undefined 0.634 ms - 31

202205-26 22:49:50 info: DELETE /users/manfred 0.360 ms - 26

202205-26 22:49:50 info: DELETE /forumthreads/undefined 0.343 ms - 26

202205-26 22:49:50 info: DELETE /forumthreads/undefined 0.361 ms - 26

202205-26 22:49:50 info: DELETE /forumthreads/undefined 0.346 ms - 26

202205-26 22:49:50 info: DELETE /forumthreads/undefined 0.360 ms - 26

202205-26 22:49:50 info: GET /forumthreads/ 1.624 ms - 2

202205-26 22:49:50 info: Shutting down application
202205-26 22:51:03 info: Started application in development mode
202205-26 22:51:03 info: GET /publicUsers 21.442 ms - 2

202205-26 22:51:04 info: GET /publicUsers/unknown 3.148 ms - 23

202205-26 22:51:04 info: DELETE /publicUsers/admin 3.925 ms - -

202205-26 22:51:04 info: GET /publicUsers/admin 2.469 ms - 23

202205-26 22:51:04 info: DELETE /publicUsers/admin 1.964 ms - 23

202205-26 22:51:04 info: POST /publicUsers 88.913 ms - 173

202205-26 22:51:04 info: GET /publicUsers/admin 4.389 ms - 173

202205-26 22:51:04 info: POST /publicUsers 86.808 ms - 191

202205-26 22:51:04 info: POST /publicUsers 2.381 ms - 57

202205-26 22:51:04 info: GET /publicUsers 3.235 ms - 367

202205-26 22:51:04 debug: no password given, no worries
202205-26 22:51:04 info: PUT /publicUsers/manfred 4.041 ms - -

202205-26 22:51:04 info: GET /publicUsers/manfred 2.738 ms - 179

202205-26 22:51:04 info: true
202205-26 22:51:04 info: PUT /publicUsers/manfred 80.713 ms - -

202205-26 22:51:04 info: false
202205-26 22:51:04 debug: this is the password: 12345
202205-26 22:51:04 debug: this is a new password
202205-26 22:51:04 info: GET /publicUsers/manfred 2.632 ms - 179

202205-26 22:51:04 info: false
202205-26 22:51:04 info: POST /publicUsers 3.548 ms - 21

202205-26 22:51:04 info: DELETE /publicUsers/admin 1.636 ms - -

202205-26 22:51:04 info: DELETE /publicUsers/manfred 1.534 ms - -

202205-26 22:51:04 info: GET /publicUsers/ 1.692 ms - 2

202205-26 22:51:04 info: Shutting down application
202205-26 22:51:15 info: Started application in development mode
202205-26 22:51:16 info: GET /users 2.872 ms - 26

202205-26 22:51:16 info: false
202205-26 22:51:16 info: GET /authenticate 88.346 ms - 89

202205-26 22:51:16 info: true
202205-26 22:51:16 info: GET /authenticate 87.247 ms - 43

202205-26 22:51:16 info: GET /users/ 4.840 ms - 62

202205-26 22:51:16 info: GET /users/unknown 3.889 ms - 23

202205-26 22:51:16 info: GET /users/admin 2.878 ms - 60

202205-26 22:51:16 info: DELETE /users/admin 3.663 ms - -

202205-26 22:51:16 info: GET /users/admin 3.537 ms - 23

202205-26 22:51:16 info: DELETE /users/admin 2.710 ms - 23

202205-26 22:51:16 info: POST /users 89.773 ms - 173

202205-26 22:51:16 info: GET /users/admin 2.749 ms - 58

202205-26 22:51:16 info: POST /users 85.025 ms - 191

202205-26 22:51:16 info: POST /users 0.378 ms - 26

202205-26 22:51:16 info: true
202205-26 22:51:16 info: GET /authenticate 85.139 ms - 43

202205-26 22:51:16 info: GET /users 0.393 ms - 36

202205-26 22:51:16 info: GET /users/manfred 2.816 ms - 76

202205-26 22:51:17 info: PUT /users/manfred 81.360 ms - -

202205-26 22:51:17 info: false
202205-26 22:51:17 debug: this is the password: 12345
202205-26 22:51:17 debug: this is a new password
202205-26 22:51:17 info: GET /users/manfred 2.281 ms - 64

202205-26 22:51:17 info: POST /users 3.537 ms - 21

202205-26 22:51:17 info: DELETE /users/admin 1.893 ms - -

202205-26 22:51:17 info: DELETE /users/manfred 1.581 ms - -

202205-26 22:51:17 info: GET /users/ 1.742 ms - 2

202205-26 22:51:17 info: Shutting down application
202205-26 22:51:26 info: Started application in development mode
202205-26 22:51:27 info: GET /forumThreads 113.030 ms - 2

202205-26 22:51:27 info: false
202205-26 22:51:27 info: GET /authenticate 83.253 ms - 89

202205-26 22:51:27 info: true
202205-26 22:51:27 info: GET /authenticate 88.141 ms - 43

202205-26 22:51:27 info: POST /users 83.814 ms - 191

202205-26 22:51:27 info: true
202205-26 22:51:27 info: GET /authenticate 81.271 ms - 43

202205-26 22:51:27 info: GET /forumThreads/ 2.466 ms - 2

202205-26 22:51:27 info: GET /forumThreads/unknown 2.286 ms - 31

202205-26 22:51:27 info: POST /forumThreads 4.431 ms - 111

202205-26 22:51:27 info: POST /forumThreads 3.410 ms - 111

202205-26 22:51:27 info: POST /forumThreads 2.863 ms - 113

202205-26 22:51:27 info: GET /forumThreads 2.972 ms - 339

202205-26 22:51:27 info: GET /forumThreads/628fe84f797e0c023b48d431 2.857 ms - 111

202205-26 22:51:27 info: GET /forumThreads/628fe84f797e0c023b48d435 2.461 ms - 113

202205-26 22:51:27 info: GET /forumThreads/myForumThreads 3.262 ms - 225

202205-26 22:51:27 info: GET /forumThreads/myForumThreads 2.442 ms - 115

202205-26 22:51:27 info: GET /forumThreads?ownerID=admin 2.146 ms - 225

202205-26 22:51:27 info: GET /forumThreads?ownerID=manfred 1.969 ms - 115

202205-26 22:51:27 info: PUT /forumThreads/628fe84f797e0c023b48d431 3.418 ms - -

202205-26 22:51:27 info: GET /forumThreads/628fe84f797e0c023b48d431 2.185 ms - 126

202205-26 22:51:27 info: DELETE /users/manfred 2.728 ms - -

202205-26 22:51:27 info: DELETE /forumthreads/628fe84f797e0c023b48d431 2.008 ms - -

202205-26 22:51:27 info: DELETE /forumthreads/628fe84f797e0c023b48d433 1.971 ms - -

202205-26 22:51:27 info: DELETE /forumthreads/628fe84f797e0c023b48d435 1.845 ms - -

202205-26 22:51:27 info: DELETE /forumthreads/628fe84f797e0c023b48d435 1.734 ms - 31

202205-26 22:51:27 info: GET /forumthreads/ 1.891 ms - 2

202205-26 22:51:27 info: Shutting down application
202205-26 23:19:18 info: Started application in development mode
202205-26 23:19:18 info: GET /forumMessages 15.929 ms - 2

202205-26 23:19:18 info: true
202205-26 23:19:18 info: GET /authenticate 108.364 ms - 43

202205-26 23:19:19 info: POST /users 99.927 ms - 191

202205-26 23:19:19 info: true
202205-26 23:19:19 info: GET /authenticate 88.558 ms - 43

202205-26 23:19:19 info: GET /forumMessages 2.299 ms - 2

202205-26 23:19:19 info: Shutting down application
202205-26 23:24:20 info: Started application in development mode
202205-26 23:24:21 info: GET /forumMessages 13.552 ms - 2

202205-26 23:24:21 info: true
202205-26 23:24:21 info: GET /authenticate 103.722 ms - 43

202205-26 23:24:21 info: POST /users 7.234 ms - 57

202205-26 23:24:21 info: true
202205-26 23:24:21 info: GET /authenticate 83.709 ms - 43

202205-26 23:24:21 info: GET /forumMessages 2.287 ms - 2

202205-26 23:24:21 info: GET /forumMessages/unknown 2.162 ms - 32

202205-26 23:24:21 info: GET /forumMessages 2.307 ms - 2

202205-26 23:24:21 info: GET /forumThreads/undefined 1.072 ms - 31

202205-26 23:24:21 info: GET /forumThreads/undefined 1.069 ms - 31

202205-26 23:24:21 info: DELETE /users/manfred 3.965 ms - -

202205-26 23:24:21 info: GET /forumMessages/ 2.788 ms - 2

202205-26 23:24:21 info: Shutting down application
202205-26 23:24:32 info: Started application in development mode
202205-26 23:24:32 info: GET /forumMessages 18.723 ms - 2

202205-26 23:24:32 info: true
202205-26 23:24:32 info: GET /authenticate 107.589 ms - 43

202205-26 23:24:33 info: POST /users 101.973 ms - 191

202205-26 23:24:33 info: true
202205-26 23:24:33 info: GET /authenticate 86.350 ms - 43

202205-26 23:24:33 info: GET /forumMessages 2.232 ms - 2

202205-26 23:24:33 info: GET /forumMessages/unknown 2.284 ms - 32

202205-26 23:24:33 info: GET /forumMessages 2.634 ms - 2

202205-26 23:24:33 info: GET /forumThreads/undefined 1.167 ms - 31

202205-26 23:24:33 info: GET /forumThreads/undefined 1.045 ms - 31

202205-26 23:24:33 info: DELETE /users/manfred 4.095 ms - -

202205-26 23:24:33 info: GET /forumMessages/ 2.452 ms - 2

202205-26 23:24:33 info: Shutting down application
202205-26 23:25:52 info: Started application in development mode
202205-26 23:25:52 info: GET /forumMessages 12.464 ms - 2

202205-26 23:25:53 info: true
202205-26 23:25:53 info: GET /authenticate 103.434 ms - 43

202205-26 23:25:53 info: POST /users 101.909 ms - 191

202205-26 23:25:53 info: true
202205-26 23:25:53 info: GET /authenticate 86.009 ms - 43

202205-26 23:25:53 info: GET /forumMessages 2.361 ms - 2

202205-26 23:25:53 info: GET /forumMessages/unknown 3.433 ms - 32

202205-26 23:25:59 info: GET /forumMessages 2.031 ms - 2

202205-26 23:25:59 info: GET /forumThreads/undefined 1.297 ms - 31

202205-26 23:25:59 info: GET /forumThreads/undefined 0.965 ms - 31

202205-26 23:25:59 info: DELETE /users/manfred 3.944 ms - -

202205-26 23:25:59 info: GET /forumMessages/ 1.846 ms - 2

202205-26 23:25:59 info: Shutting down application
202205-26 23:34:22 info: Started application in development mode
202205-26 23:34:23 info: GET /forumMessages 16.510 ms - 2

202205-26 23:34:23 info: true
202205-26 23:34:23 info: GET /authenticate 103.232 ms - 43

202205-26 23:34:23 info: POST /users 100.769 ms - 191

202205-26 23:34:23 info: true
202205-26 23:34:23 info: GET /authenticate 81.425 ms - 43

202205-26 23:34:23 info: GET /forumMessages 3.174 ms - 2

202205-26 23:34:23 info: GET /forumMessages/unknown 2.730 ms - 32

202205-26 23:34:23 info: POST /forumThreads 4.387 ms - 111

202205-26 23:34:23 info: POST /forumThreads 3.317 ms - 111

202205-26 23:34:23 info: GET /forumThreads 3.686 ms - 225

202205-26 23:34:29 info: GET /forumMessages 3.184 ms - 2

202205-26 23:34:29 info: GET /forumThreads/undefined 1.006 ms - 31

202205-26 23:34:29 info: DELETE /users/manfred 3.737 ms - -

202205-26 23:34:29 info: GET /forumMessages/ 1.955 ms - 2

202205-26 23:34:29 info: Shutting down application
202205-26 23:35:28 info: Started application in development mode
202205-26 23:35:29 info: GET /forumMessages 12.518 ms - 2

202205-26 23:35:29 info: true
202205-26 23:35:29 info: GET /authenticate 106.369 ms - 43

202205-26 23:35:29 info: POST /users 95.707 ms - 191

202205-26 23:35:29 info: true
202205-26 23:35:29 info: GET /authenticate 86.905 ms - 43

202205-26 23:35:29 info: GET /forumMessages 2.050 ms - 2

202205-26 23:35:29 info: GET /forumMessages/unknown 2.258 ms - 32

202205-26 23:35:29 info: POST /forumThreads 4.139 ms - 111

202205-26 23:35:29 info: POST /forumThreads 3.604 ms - 111

202205-26 23:35:29 info: GET /forumThreads 4.130 ms - 449

202205-26 23:35:35 info: GET /forumMessages 2.421 ms - 2

202205-26 23:35:35 info: GET /forumThreads/undefined 1.120 ms - 31

202205-26 23:35:35 info: DELETE /users/manfred 3.770 ms - -

202205-26 23:35:35 info: GET /forumMessages/ 2.415 ms - 2

202205-26 23:35:35 info: Shutting down application
202205-26 23:37:46 info: Started application in development mode
202205-26 23:37:46 info: GET /forumMessages 12.480 ms - 2

202205-26 23:37:46 info: true
202205-26 23:37:46 info: GET /authenticate 104.450 ms - 43

202205-26 23:37:46 info: POST /users 94.210 ms - 191

202205-26 23:37:46 info: true
202205-26 23:37:46 info: GET /authenticate 83.233 ms - 43

202205-26 23:37:46 info: GET /forumMessages 2.093 ms - 2

202205-26 23:37:46 info: GET /forumMessages/unknown 2.533 ms - 32

202205-26 23:37:46 info: POST /forumThreads 3.988 ms - 111

202205-26 23:37:46 info: POST /forumThreads 3.979 ms - 111

202205-26 23:37:46 info: GET /forumThreads 4.443 ms - 673

202205-26 23:37:52 info: GET /forumMessages 2.467 ms - 2

202205-26 23:37:52 info: GET /forumThreads/undefined 1.966 ms - 31

202205-26 23:37:52 info: DELETE /users/manfred 3.404 ms - -

202205-26 23:37:52 info: GET /forumMessages/ 2.099 ms - 2

202205-26 23:37:52 info: Shutting down application
202205-26 23:38:52 info: Started application in development mode
202205-26 23:38:52 info: GET /forumMessages 13.366 ms - 2

202205-26 23:38:53 info: true
202205-26 23:38:53 info: GET /authenticate 109.417 ms - 43

202205-26 23:38:53 info: POST /users 92.883 ms - 191

202205-26 23:38:53 info: true
202205-26 23:38:53 info: GET /authenticate 80.243 ms - 43

202205-26 23:38:53 info: GET /forumMessages 2.260 ms - 2

202205-26 23:38:53 info: GET /forumMessages/unknown 2.288 ms - 32

202205-26 23:38:53 info: POST /forumThreads 4.677 ms - 111

202205-26 23:38:53 info: POST /forumThreads 3.766 ms - 111

202205-26 23:38:53 info: GET /forumThreads 4.978 ms - 897

202205-26 23:38:55 info: DELETE /users/manfred 3.303 ms - -

202205-26 23:38:55 info: GET /forumMessages/ 2.325 ms - 2

202205-26 23:38:55 info: Shutting down application
202205-26 23:39:13 info: Started application in development mode
202205-26 23:39:14 info: GET /forumMessages 131.523 ms - 2

202205-26 23:39:14 info: true
202205-26 23:39:14 info: GET /authenticate 84.999 ms - 43

202205-26 23:39:14 info: POST /users 82.854 ms - 191

202205-26 23:39:14 info: true
202205-26 23:39:14 info: GET /authenticate 80.462 ms - 43

202205-26 23:39:14 info: GET /forumMessages 2.643 ms - 2

202205-26 23:39:14 info: GET /forumMessages/unknown 2.410 ms - 32

202205-26 23:39:14 info: POST /forumThreads 4.137 ms - 111

202205-26 23:39:14 info: POST /forumThreads 3.227 ms - 111

202205-26 23:39:14 info: GET /forumThreads 2.919 ms - 225

202205-26 23:39:16 info: DELETE /users/manfred 3.409 ms - -

202205-26 23:39:16 info: GET /forumMessages/ 1.980 ms - 2

202205-26 23:39:16 info: Shutting down application
202205-26 23:40:16 info: Started application in development mode
202205-26 23:40:17 info: GET /forumMessages 26.972 ms - 2

202205-26 23:40:17 info: true
202205-26 23:40:17 info: GET /authenticate 89.583 ms - 43

202205-26 23:40:17 info: POST /users 87.643 ms - 191

202205-26 23:40:17 info: true
202205-26 23:40:17 info: GET /authenticate 84.011 ms - 43

202205-26 23:40:17 info: GET /forumMessages 2.632 ms - 2

202205-26 23:40:17 info: GET /forumMessages/unknown 2.273 ms - 32

202205-26 23:40:17 info: POST /forumThreads 3.660 ms - 111

202205-26 23:40:17 info: POST /forumThreads 3.513 ms - 111

202205-26 23:40:17 info: GET /forumThreads 3.583 ms - 225

202205-26 23:40:19 info: DELETE /users/manfred 3.630 ms - -

202205-26 23:40:19 info: GET /forumMessages/ 2.488 ms - 2

202205-26 23:40:19 info: Shutting down application
202205-26 23:41:01 info: Started application in development mode
202205-26 23:41:01 info: GET /forumMessages 28.085 ms - 2

202205-26 23:41:01 info: true
202205-26 23:41:01 info: GET /authenticate 88.097 ms - 43

202205-26 23:41:02 info: POST /users 87.464 ms - 191

202205-26 23:41:02 info: true
202205-26 23:41:02 info: GET /authenticate 86.539 ms - 43

202205-26 23:41:02 info: GET /forumMessages 2.451 ms - 2

202205-26 23:41:02 info: GET /forumMessages/unknown 2.279 ms - 32

202205-26 23:41:02 info: POST /forumThreads 4.132 ms - 111

202205-26 23:41:02 info: POST /forumThreads 3.632 ms - 111

202205-26 23:41:02 info: GET /forumThreads 3.283 ms - 225

202205-26 23:41:04 info: DELETE /users/manfred 4.390 ms - -

202205-26 23:41:04 info: GET /forumMessages/ 2.086 ms - 2

202205-26 23:41:04 info: Shutting down application
202205-26 23:45:46 info: Started application in development mode
202205-26 23:45:46 info: GET /publicUsers 16.606 ms - 177

202205-26 23:45:46 info: GET /publicUsers/unknown 3.297 ms - 23

202205-26 23:45:46 info: DELETE /publicUsers/admin 3.589 ms - -

202205-26 23:45:46 info: GET /publicUsers/admin 2.087 ms - 23

202205-26 23:45:46 info: DELETE /publicUsers/admin 2.432 ms - 23

202205-26 23:45:46 info: POST /publicUsers 120.026 ms - 173

202205-26 23:45:46 info: GET /publicUsers/admin 3.303 ms - 173

202205-26 23:45:46 info: POST /publicUsers 88.628 ms - 191

202205-26 23:45:46 info: POST /publicUsers 3.012 ms - 57

202205-26 23:45:46 info: GET /publicUsers 2.754 ms - 367

202205-26 23:45:46 debug: no password given, no worries
202205-26 23:45:46 info: PUT /publicUsers/manfred 3.342 ms - -

202205-26 23:45:46 info: GET /publicUsers/manfred 2.931 ms - 179

202205-26 23:45:46 info: true
202205-26 23:45:47 info: PUT /publicUsers/manfred 84.831 ms - -

202205-26 23:45:47 info: false
202205-26 23:45:47 debug: this is the password: 12345
202205-26 23:45:47 debug: this is a new password
202205-26 23:45:47 info: GET /publicUsers/manfred 2.181 ms - 179

202205-26 23:45:47 info: false
202205-26 23:45:47 info: POST /publicUsers 3.601 ms - 21

202205-26 23:45:47 info: DELETE /publicUsers/admin 1.747 ms - -

202205-26 23:45:47 info: DELETE /publicUsers/manfred 1.549 ms - -

202205-26 23:45:47 info: GET /publicUsers/ 1.671 ms - 2

202205-26 23:45:47 info: Shutting down application
202205-31 16:18:34 info: Started application in development mode
202205-31 16:18:34 info: Shutting down application
202205-31 16:22:10 info: Started application in development mode
202205-31 16:22:10 info: Shutting down application
202205-31 16:23:38 info: Started application in development mode
202205-31 16:23:39 info: Shutting down application
202205-31 16:24:44 info: Started application in development mode
202205-31 16:24:45 info: Shutting down application
202205-31 16:25:47 info: Started application in development mode
202205-31 16:25:48 info: GET /forumMessages 54.075 ms - 2

202205-31 16:25:48 info: GET /authenticate 3.548 ms - 89

202205-31 16:25:48 info: POST /users 0.793 ms - 26

202205-31 16:25:48 info: GET /authenticate 5.114 ms - 89

202205-31 16:25:48 info: GET /forumMessages 2.578 ms - 2

202205-31 16:25:48 info: GET /forumMessages/unknown 2.181 ms - 32

202205-31 16:25:48 info: POST /forumThreads 0.513 ms - 26

202205-31 16:25:48 info: POST /forumThreads 0.607 ms - 26

202205-31 16:25:48 info: GET /forumThreads 6.555 ms - 225

202205-31 16:25:48 info: POST /forumMessages 0.467 ms - 26

202205-31 16:25:48 info: DELETE /users/manfred 0.591 ms - 26

202205-31 16:25:48 info: GET /forumMessages/ 2.628 ms - 2

202205-31 16:25:48 info: Shutting down application
202205-31 16:27:14 info: Started application in development mode
202205-31 16:27:15 info: Shutting down application
202205-31 16:27:23 info: Started application in development mode
202205-31 16:27:24 info: Shutting down application
202205-31 16:27:38 info: Started application in development mode
202205-31 16:27:38 info: Shutting down application
202205-31 16:27:45 info: Started application in development mode
202205-31 16:27:46 info: GET /publicUsers 17.978 ms - 177

202205-31 16:27:46 info: GET /publicUsers/unknown 4.029 ms - 23

202205-31 16:27:46 info: DELETE /publicUsers/admin 7.163 ms - -

202205-31 16:27:46 info: GET /publicUsers/admin 2.726 ms - 23

202205-31 16:27:46 info: DELETE /publicUsers/admin 2.653 ms - 23

202205-31 16:27:46 info: POST /publicUsers 140.307 ms - 173

202205-31 16:27:46 info: GET /publicUsers/admin 3.216 ms - 173

202205-31 16:27:46 info: POST /publicUsers 89.666 ms - 191

202205-31 16:27:46 info: POST /publicUsers 3.283 ms - 57

202205-31 16:27:46 info: GET /publicUsers 2.596 ms - 367

202205-31 16:27:46 debug: no password given, no worries
202205-31 16:27:46 info: PUT /publicUsers/manfred 3.874 ms - -

202205-31 16:27:46 info: GET /publicUsers/manfred 2.940 ms - 191

202205-31 16:27:46 info: true
202205-31 16:27:46 info: PUT /publicUsers/manfred 84.130 ms - -

202205-31 16:27:46 info: false
202205-31 16:27:46 debug: this is the password: 12345
202205-31 16:27:46 debug: this is a new password
202205-31 16:27:47 info: GET /publicUsers/manfred 2.576 ms - 179

202205-31 16:27:47 info: false
202205-31 16:27:47 info: POST /publicUsers 3.189 ms - 21

202205-31 16:27:47 info: DELETE /publicUsers/admin 3.104 ms - -

202205-31 16:27:47 info: DELETE /publicUsers/manfred 2.194 ms - -

202205-31 16:27:47 info: GET /publicUsers/ 2.075 ms - 2

202205-31 16:27:47 info: Shutting down application
202205-31 16:28:58 info: Started application in development mode
202205-31 16:28:58 info: GET /publicUsers 19.693 ms - 2

202205-31 16:28:58 info: GET /publicUsers/unknown 3.948 ms - 23

202205-31 16:28:58 info: DELETE /publicUsers/admin 3.246 ms - -

202205-31 16:28:58 info: GET /publicUsers/admin 2.633 ms - 23

202205-31 16:28:58 info: DELETE /publicUsers/admin 2.566 ms - 23

202205-31 16:28:58 info: POST /publicUsers 86.434 ms - 173

202205-31 16:28:58 info: GET /publicUsers/admin 3.849 ms - 173

202205-31 16:28:58 info: POST /publicUsers 86.785 ms - 191

202205-31 16:28:58 info: POST /publicUsers 2.349 ms - 57

202205-31 16:28:58 info: GET /publicUsers 3.277 ms - 367

202205-31 16:28:58 debug: no password given, no worries
202205-31 16:28:58 info: PUT /publicUsers/manfred 4.222 ms - -

202205-31 16:28:59 info: GET /publicUsers/manfred 2.761 ms - 179

202205-31 16:28:59 info: true
202205-31 16:28:59 info: PUT /publicUsers/manfred 87.562 ms - -

202205-31 16:28:59 info: false
202205-31 16:28:59 debug: this is the password: 12345
202205-31 16:28:59 debug: this is a new password
202205-31 16:28:59 info: GET /publicUsers/manfred 2.310 ms - 179

202205-31 16:28:59 info: false
202205-31 16:28:59 info: POST /publicUsers 5.130 ms - 21

202205-31 16:28:59 info: DELETE /publicUsers/admin 1.932 ms - -

202205-31 16:28:59 info: DELETE /publicUsers/manfred 1.738 ms - -

202205-31 16:28:59 info: GET /publicUsers/ 2.119 ms - 2

202205-31 16:28:59 info: Shutting down application
202205-31 17:00:03 info: Started application in development mode
202205-31 17:00:04 info: GET /publicUsers 16.500 ms - 2

202205-31 17:00:04 info: GET /publicUsers/unknown 3.583 ms - 23

202205-31 17:00:04 info: DELETE /publicUsers/admin 3.111 ms - -

202205-31 17:00:04 info: GET /publicUsers/admin 2.641 ms - 23

202205-31 17:00:04 info: DELETE /publicUsers/admin 2.180 ms - 23

202205-31 17:00:04 info: POST /publicUsers 90.894 ms - 173

202205-31 17:00:04 info: GET /publicUsers/admin 4.171 ms - 173

202205-31 17:00:04 info: POST /publicUsers 86.962 ms - 191

202205-31 17:00:04 info: POST /publicUsers 2.805 ms - 57

202205-31 17:00:04 info: GET /publicUsers 3.433 ms - 367

202205-31 17:00:04 debug: no password given, no worries
202205-31 17:00:04 info: PUT /publicUsers/manfred 4.366 ms - -

202205-31 17:00:04 info: GET /publicUsers/manfred 2.897 ms - 179

202205-31 17:00:04 info: true
202205-31 17:00:05 info: PUT /publicUsers/manfred 87.679 ms - -

202205-31 17:00:05 info: false
202205-31 17:00:05 debug: this is the password: 12345
202205-31 17:00:05 debug: this is a new password
202205-31 17:00:05 info: GET /publicUsers/manfred 1.951 ms - 179

202205-31 17:00:05 info: false
202205-31 17:00:05 info: POST /publicUsers 3.697 ms - 21

202205-31 17:00:05 info: DELETE /publicUsers/admin 1.987 ms - -

202205-31 17:00:05 info: DELETE /publicUsers/manfred 1.678 ms - -

202205-31 17:00:05 info: GET /publicUsers/ 2.587 ms - 2

202205-31 17:00:20 info: Started application in development mode
202205-31 17:00:20 info: GET /publicUsers 13.065 ms - 2

202205-31 17:00:20 info: GET /publicUsers/unknown 3.663 ms - 23

202205-31 17:00:20 info: DELETE /publicUsers/admin 4.237 ms - -

202205-31 17:00:20 info: GET /publicUsers/admin 2.324 ms - 23

202205-31 17:00:20 info: DELETE /publicUsers/admin 1.898 ms - 23

202205-31 17:00:20 info: POST /publicUsers 90.578 ms - 173

202205-31 17:00:20 info: GET /publicUsers/admin 4.303 ms - 173

202205-31 17:00:20 info: POST /publicUsers 83.673 ms - 191

202205-31 17:00:20 info: POST /publicUsers 2.585 ms - 57

202205-31 17:00:20 info: GET /publicUsers 2.840 ms - 367

202205-31 17:00:20 debug: no password given, no worries
202205-31 17:00:20 info: PUT /publicUsers/manfred 4.581 ms - -

202205-31 17:00:20 info: GET /publicUsers/manfred 2.927 ms - 179

202205-31 17:00:21 info: true
202205-31 17:00:21 info: PUT /publicUsers/manfred 88.987 ms - -

202205-31 17:00:21 info: false
202205-31 17:00:21 debug: this is the password: 12345
202205-31 17:00:21 debug: this is a new password
202205-31 17:00:21 info: GET /publicUsers/manfred 2.389 ms - 179

202205-31 17:00:21 info: false
202205-31 17:00:21 info: POST /publicUsers 3.833 ms - 21

202205-31 17:00:21 info: DELETE /publicUsers/admin 1.781 ms - -

202205-31 17:00:21 info: DELETE /publicUsers/manfred 2.200 ms - -

202205-31 17:00:21 info: GET /publicUsers/ 2.300 ms - 2

202205-31 17:00:21 info: Shutting down application
202206-08 16:51:28 info: Started application in development mode
202206-08 16:51:28 info: GET /publicUsers 21.590 ms - 2

202206-08 16:51:28 info: GET /publicUsers/unknown 3.672 ms - 23

202206-08 16:51:28 info: DELETE /publicUsers/admin 11.732 ms - 23

202206-08 16:51:28 info: GET /publicUsers/admin 8.256 ms - 175

202206-08 16:51:28 info: DELETE /publicUsers/admin 5.496 ms - -

202206-08 16:51:29 info: POST /publicUsers 88.473 ms - 173

202206-08 16:51:29 info: GET /publicUsers/admin 3.491 ms - 173

202206-08 16:51:29 info: POST /publicUsers 84.140 ms - 191

202206-08 16:51:29 info: POST /publicUsers 2.630 ms - 57

202206-08 16:51:29 info: GET /publicUsers 3.592 ms - 367

202206-08 16:51:29 debug: no password given, no worries
202206-08 16:51:29 info: PUT /publicUsers/manfred 3.966 ms - -

202206-08 16:51:29 info: GET /publicUsers/manfred 3.145 ms - 191

202206-08 16:51:29 info: true
202206-08 16:51:29 info: PUT /publicUsers/manfred 86.281 ms - -

202206-08 16:51:29 info: false
202206-08 16:51:29 debug: this is the password: 12345
202206-08 16:51:29 debug: this is a new password
202206-08 16:51:29 info: GET /publicUsers/manfred 2.476 ms - 179

202206-08 16:51:29 info: false
202206-08 16:51:29 info: POST /publicUsers 3.591 ms - 21

202206-08 16:51:29 info: DELETE /publicUsers/admin 2.178 ms - -

202206-08 16:51:29 info: DELETE /publicUsers/manfred 1.818 ms - -

202206-08 16:51:29 info: GET /publicUsers/ 1.916 ms - 2

202206-08 16:51:29 info: Shutting down application
202206-08 16:51:38 info: Started application in development mode
202206-08 16:51:39 info: GET /publicUsers 12.760 ms - 2

202206-08 16:51:39 info: GET /publicUsers/unknown 3.359 ms - 23

202206-08 16:51:39 info: DELETE /publicUsers/admin 3.966 ms - -

202206-08 16:51:39 info: GET /publicUsers/admin 2.291 ms - 23

202206-08 16:51:39 info: DELETE /publicUsers/admin 2.440 ms - 23

202206-08 16:51:39 info: POST /publicUsers 89.088 ms - 173

202206-08 16:51:39 info: GET /publicUsers/admin 4.056 ms - 173

202206-08 16:51:39 info: POST /publicUsers 81.048 ms - 191

202206-08 16:51:39 info: POST /publicUsers 2.416 ms - 57

202206-08 16:51:39 info: GET /publicUsers 3.161 ms - 367

202206-08 16:51:39 debug: no password given, no worries
202206-08 16:51:39 info: PUT /publicUsers/manfred 3.747 ms - -

202206-08 16:51:39 info: GET /publicUsers/manfred 2.819 ms - 179

202206-08 16:51:39 info: true
202206-08 16:51:39 info: PUT /publicUsers/manfred 78.138 ms - -

202206-08 16:51:39 info: false
202206-08 16:51:39 debug: this is the password: 12345
202206-08 16:51:39 debug: this is a new password
202206-08 16:51:39 info: GET /publicUsers/manfred 2.377 ms - 179

202206-08 16:51:39 info: false
202206-08 16:51:39 info: POST /publicUsers 3.862 ms - 21

202206-08 16:51:39 info: DELETE /publicUsers/admin 1.714 ms - -

202206-08 16:51:39 info: DELETE /publicUsers/manfred 1.836 ms - -

202206-08 16:51:40 info: GET /publicUsers/ 1.637 ms - 2

202206-08 16:51:40 info: Shutting down application
